Log file open, 01/04/22 20:24:04
LogWindows: Failed to load 'aqProf.dll' (GetLastError=126)
LogWindows: File 'aqProf.dll' does not exist
LogWindows: Failed to load 'VtuneApi.dll' (GetLastError=126)
LogWindows: File 'VtuneApi.dll' does not exist
LogWindows: Failed to load 'VtuneApi32e.dll' (GetLastError=126)
LogWindows: File 'VtuneApi32e.dll' does not exist
LogConsoleResponse: Display: Failed to find resolution value strings in scalability ini. Falling back to default.
LogConsoleResponse: Display: Failed to find resolution value strings in scalability ini. Falling back to default.
LogInit: Display: Running engine for game: UR_Weihnachtsgruppe
LogPlatformFile: Not using cached read wrapper
LogTaskGraph: Started task graph with 5 named threads and 35 total threads with 3 sets of task threads.
LogStats: Stats thread started at 0.321007
LogICUInternationalization: ICU TimeZone Detection - Raw Offset: +1:00, Platform Override: ''
LogInit: Display: Loading text-based GConfig....
LogPluginManager: Mounting plugin MeshPainting
LogPluginManager: Mounting plugin XGEController
LogPluginManager: Mounting plugin AISupport
LogPluginManager: Mounting plugin Paper2D
LogPluginManager: Mounting plugin EnvironmentQueryEditor
LogPluginManager: Mounting plugin LiveLink
LogPluginManager: Mounting plugin LightPropagationVolume
LogPluginManager: Mounting plugin CameraShakePreviewer
LogPluginManager: Mounting plugin GameplayCameras
LogPluginManager: Mounting plugin OodleData
LogPluginManager: Mounting plugin OodleNetwork
LogPluginManager: Mounting plugin AssetManagerEditor
LogPluginManager: Mounting plugin DatasmithContent
LogPluginManager: Mounting plugin CryptoKeys
LogPluginManager: Mounting plugin DataValidation
LogPluginManager: Mounting plugin FacialAnimation
LogPluginManager: Mounting plugin GameplayTagsEditor
LogPluginManager: Mounting plugin GeometryMode
LogPluginManager: Mounting plugin MaterialAnalyzer
LogPluginManager: Mounting plugin CurveEditorTools
LogPluginManager: Mounting plugin VariantManagerContent
LogPluginManager: Mounting plugin MacGraphicsSwitching
LogPluginManager: Mounting plugin MobileLauncherProfileWizard
LogPluginManager: Mounting plugin PluginBrowser
LogPluginManager: Mounting plugin SpeedTreeImporter
LogPluginManager: Mounting plugin CodeLiteSourceCodeAccess
LogPluginManager: Mounting plugin GitSourceControl
LogPluginManager: Mounting plugin AnimationSharing
LogPluginManager: Mounting plugin CLionSourceCodeAccess
LogPluginManager: Mounting plugin KDevelopSourceCodeAccess
LogPluginManager: Mounting plugin NullSourceCodeAccess
LogPluginManager: Mounting plugin PerforceSourceControl
LogPluginManager: Mounting plugin PixWinPlugin
LogPluginManager: Mounting plugin PluginUtils
LogPluginManager: Mounting plugin PlasticSourceControl
LogPluginManager: Mounting plugin SubversionSourceControl
LogPluginManager: Mounting plugin RiderSourceCodeAccess
LogPluginManager: Mounting plugin TextureFormatOodle
LogPluginManager: Mounting plugin PropertyAccessNode
LogPluginManager: Mounting plugin VisualStudioCodeSourceCodeAccess
LogPluginManager: Mounting plugin UObjectPlugin
LogPluginManager: Mounting plugin VisualStudioSourceCodeAccess
LogPluginManager: Mounting plugin AlembicImporter
LogPluginManager: Mounting plugin XCodeSourceCodeAccess
LogPluginManager: Mounting plugin AutomationUtils
LogPluginManager: Mounting plugin BackChannel
LogPluginManager: Mounting plugin ChaosCloth
LogPluginManager: Mounting plugin ChaosNiagara
LogPluginManager: Mounting plugin ChaosEditor
LogPluginManager: Mounting plugin ChaosClothEditor
LogPluginManager: Mounting plugin ChaosSolverPlugin
LogPluginManager: Mounting plugin CharacterAI
LogPluginManager: Mounting plugin GeometryCollectionPlugin
LogPluginManager: Mounting plugin GeometryCache
LogPluginManager: Mounting plugin AndroidMedia
LogPluginManager: Mounting plugin AvfMedia
LogPluginManager: Mounting plugin ImgMedia
LogPluginManager: Mounting plugin WebMMedia
LogPluginManager: Mounting plugin MediaPlayerEditor
LogPluginManager: Mounting plugin WmfMedia
LogPluginManager: Mounting plugin MediaCompositing
LogPluginManager: Mounting plugin GeometryProcessing
LogPluginManager: Mounting plugin OpenImageDenoise
LogPluginManager: Mounting plugin MotoSynth
LogPluginManager: Mounting plugin PlanarCut
LogPluginManager: Mounting plugin PlatformCrypto
LogPluginManager: Mounting plugin ProxyLODPlugin
LogPluginManager: Mounting plugin PythonScriptPlugin
LogPluginManager: Mounting plugin SkeletalReduction
LogPluginManager: Mounting plugin UdpMessaging
LogPluginManager: Mounting plugin LuminPlatformFeatures
LogPluginManager: Mounting plugin TcpMessaging
LogPluginManager: Mounting plugin MagicLeap
LogPluginManager: Mounting plugin MagicLeapLightEstimation
LogPluginManager: Mounting plugin MagicLeapMedia
LogPluginManager: Mounting plugin MLSDK
LogPluginManager: Mounting plugin ActorSequence
LogPluginManager: Mounting plugin MagicLeapPassableWorld
LogPluginManager: Mounting plugin MatineeToLevelSequence
LogPluginManager: Mounting plugin LevelSequenceEditor
LogPluginManager: Mounting plugin TemplateSequence
LogPluginManager: Mounting plugin OnlineSubsystem
LogPluginManager: Mounting plugin OnlineSubsystemNull
LogPluginManager: Mounting plugin OnlineSubsystemUtils
LogPluginManager: Mounting plugin ActorLayerUtilities
LogPluginManager: Mounting plugin AndroidMoviePlayer
LogPluginManager: Mounting plugin AndroidDeviceProfileSelector
LogPluginManager: Mounting plugin AndroidPermission
LogPluginManager: Mounting plugin AppleImageUtils
LogPluginManager: Mounting plugin AppleMoviePlayer
LogPluginManager: Mounting plugin AssetTags
LogPluginManager: Mounting plugin AudioCapture
LogPluginManager: Mounting plugin LauncherChunkInstaller
LogPluginManager: Mounting plugin AudioSynesthesia
LogPluginManager: Mounting plugin ArchVisCharacter
LogPluginManager: Mounting plugin CableComponent
LogPluginManager: Mounting plugin ChunkDownloader
LogPluginManager: Mounting plugin CustomMeshComponent
LogPluginManager: Mounting plugin EditableMesh
LogPluginManager: Mounting plugin ExampleDeviceProfileSelector
LogPluginManager: Mounting plugin GoogleCloudMessaging
LogPluginManager: Mounting plugin GooglePAD
LogPluginManager: Mounting plugin ScreenshotTools
LogPluginManager: Mounting plugin IOSDeviceProfileSelector
LogPluginManager: Mounting plugin LinuxDeviceProfileSelector
LogPluginManager: Mounting plugin LocationServicesBPLibrary
LogPluginManager: Mounting plugin MobilePatchingUtils
LogPluginManager: Mounting plugin OpenXR
LogPluginManager: Mounting plugin OpenXRHandTracking
LogPluginManager: Mounting plugin OpenXREyeTracker
LogPluginManager: Mounting plugin PropertyAccessEditor
LogPluginManager: Mounting plugin PostSplashScreen
LogPluginManager: Mounting plugin PhysXVehicles
LogPluginManager: Mounting plugin ProceduralMeshComponent
LogPluginManager: Mounting plugin SignificanceManager
LogPluginManager: Mounting plugin SoundFields
LogPluginManager: Mounting plugin RuntimePhysXCooking
LogPluginManager: Mounting plugin Synthesis
LogPluginManager: Mounting plugin WebMMoviePlayer
LogPluginManager: Mounting plugin WindowsMoviePlayer
LogPluginManager: Mounting plugin Takes
LogPluginManager: Mounting plugin Niagara
LogPluginManager: Mounting plugin ContentBrowserClassDataSource
LogPluginManager: Mounting plugin ContentBrowserAssetDataSource
LogPluginManager: Mounting plugin ContentBrowserFileDataSource
LogPluginManager: Mounting plugin OnlineSubsystemIOS
LogPluginManager: Mounting plugin OnlineSubsystemGooglePlay
LogPluginManager: Mounting plugin OculusVR
LogPluginManager: Mounting plugin SteamVR
PixWinPlugin: PIX capture plugin failed to initialize! Check that the process is launched from PIX.
LogInit: Using libcurl 7.55.1-DEV
LogInit:  - built for x86_64-pc-win32
LogInit:  - supports SSL with OpenSSL/1.1.1
LogInit:  - supports HTTP deflate (compression) using libz 1.2.8
LogInit:  - other features:
LogInit:      CURL_VERSION_SSL
LogInit:      CURL_VERSION_LIBZ
LogInit:      CURL_VERSION_IPV6
LogInit:      CURL_VERSION_ASYNCHDNS
LogInit:      CURL_VERSION_LARGEFILE
LogInit:      CURL_VERSION_IDN
LogInit:  CurlRequestOptions (configurable via config and command line):
LogInit:  - bVerifyPeer = true  - Libcurl will verify peer certificate
LogInit:  - bUseHttpProxy = false  - Libcurl will NOT use HTTP proxy
LogInit:  - bDontReuseConnections = false  - Libcurl will reuse connections
LogInit:  - MaxHostConnections = 16  - Libcurl will limit the number of connections to a host
LogInit:  - LocalHostAddr = Default
LogInit:  - BufferSize = 65536
LogOnline: OSS: Creating online subsystem instance for: NULL
LogInit: WinSock: version 1.1 (2.2), MaxSocks=32767, MaxUdp=65467
LogOnline: OSS: TryLoadSubsystemAndSetDefault: Loaded subsystem for module [NULL]
LogOculusPluginWrapper: OculusPlugin initialized successfully
LogHMD: Failed initializing OVRPlugin 1.59.0
LogInit: Build: ++UE4+Release-4.27-CL-17735300
LogInit: Engine Version: 4.27.1-17735300+++UE4+Release-4.27
LogInit: Compatible Engine Version: 4.27.0-17155196+++UE4+Release-4.27
LogInit: Net CL: 17155196
LogInit: OS: Windows 10 (Release 2009) (), CPU: Intel(R) Core(TM) i7-9750H CPU @ 2.60GHz, GPU: Intel(R) UHD Graphics 630
LogInit: Compiled (64-bit): Oct  6 2021 14:42:51
LogInit: Compiled with Visual C++: 19.24.28315.00
LogInit: Build Configuration: Development
LogInit: Branch Name: ++UE4+Release-4.27
LogInit: Command Line:  /Game/Levels/MainMenu_Level -game -PIEVIACONSOLE -Multiprocess GameUserSettingsINI=C:/Users/yara5/Documents/Master/Semester_3/VR/Projekt/WhoBroughtThePresents/UR_Weihnachtsgruppe/Saved/Config/Windows/PIEGameUserSettings0.ini -MultiprocessSaveConfig -forcepassthrough -messaging -SessionName="Play in Standalone Game" -windowed -ResX=1280 -ResY=720
LogInit: Base Directory: C:/Program Files/Epic Games/UE_4.27/Engine/Binaries/Win64/
LogInit: Allocator: TBB
LogInit: Installed Engine Build: 1
LogDevObjectVersion: Number of dev versions registered: 29
LogDevObjectVersion:   Dev-Blueprints (B0D832E4-1F89-4F0D-ACCF-7EB736FD4AA2): 10
LogDevObjectVersion:   Dev-Build (E1C64328-A22C-4D53-A36C-8E866417BD8C): 0
LogDevObjectVersion:   Dev-Core (375EC13C-06E4-48FB-B500-84F0262A717E): 4
LogDevObjectVersion:   Dev-Editor (E4B068ED-F494-42E9-A231-DA0B2E46BB41): 40
LogDevObjectVersion:   Dev-Framework (CFFC743F-43B0-4480-9391-14DF171D2073): 37
LogDevObjectVersion:   Dev-Mobile (B02B49B5-BB20-44E9-A304-32B752E40360): 3
LogDevObjectVersion:   Dev-Networking (A4E4105C-59A1-49B5-A7C5-40C4547EDFEE): 0
LogDevObjectVersion:   Dev-Online (39C831C9-5AE6-47DC-9A44-9C173E1C8E7C): 0
LogDevObjectVersion:   Dev-Physics (78F01B33-EBEA-4F98-B9B4-84EACCB95AA2): 14
LogDevObjectVersion:   Dev-Platform (6631380F-2D4D-43E0-8009-CF276956A95A): 0
LogDevObjectVersion:   Dev-Rendering (12F88B9F-8875-4AFC-A67C-D90C383ABD29): 45
LogDevObjectVersion:   Dev-Sequencer (7B5AE74C-D270-4C10-A958-57980B212A5A): 13
LogDevObjectVersion:   Dev-VR (D7296918-1DD6-4BDD-9DE2-64A83CC13884): 3
LogDevObjectVersion:   Dev-LoadTimes (C2A15278-BFE7-4AFE-6C17-90FF531DF755): 1
LogDevObjectVersion:   Private-Geometry (6EACA3D4-40EC-4CC1-B786-8BED09428FC5): 3
LogDevObjectVersion:   Dev-AnimPhys (29E575DD-E0A3-4627-9D10-D276232CDCEA): 17
LogDevObjectVersion:   Dev-Anim (AF43A65D-7FD3-4947-9873-3E8ED9C1BB05): 15
LogDevObjectVersion:   Dev-ReflectionCapture (6B266CEC-1EC7-4B8F-A30B-E4D90942FC07): 1
LogDevObjectVersion:   Dev-Automation (0DF73D61-A23F-47EA-B727-89E90C41499A): 1
LogDevObjectVersion:   FortniteMain (601D1886-AC64-4F84-AA16-D3DE0DEAC7D6): 47
LogDevObjectVersion:   FortniteRelease (E7086368-6B23-4C58-8439-1B7016265E91): 1
LogDevObjectVersion:   Dev-Enterprise (9DFFBCD6-494F-0158-E221-12823C92A888): 10
LogDevObjectVersion:   Dev-Niagara (F2AED0AC-9AFE-416F-8664-AA7FFA26D6FC): 1
LogDevObjectVersion:   Dev-Destruction (174F1F0B-B4C6-45A5-B13F-2EE8D0FB917D): 10
LogDevObjectVersion:   Dev-Physics-Ext (35F94A83-E258-406C-A318-09F59610247C): 41
LogDevObjectVersion:   Dev-PhysicsMaterial-Chaos (B68FC16E-8B1B-42E2-B453-215C058844FE): 1
LogDevObjectVersion:   Dev-CineCamera (B2E18506-4273-CFC2-A54E-F4BB758BBA07): 1
LogDevObjectVersion:   Dev-VirtualProduction (64F58936-FD1B-42BA-BA96-7289D5D0FA4E): 1
LogDevObjectVersion:   Dev-MediaFramework (6F0ED827-A609-4895-9C91-998D90180EA4): 2
LogInit: Presizing for max 25165824 objects, including 0 objects not considered by GC, pre-allocating 0 bytes for permanent pool.
LogConfig: Applying CVar settings from Section [/Script/Engine.StreamingSettings] File [C:/Users/yara5/Documents/Master/Semester_3/VR/Projekt/WhoBroughtThePresents/UR_Weihnachtsgruppe/Saved/Config/Windows/Engine.ini]
LogConfig: Setting CVar [[s.MinBulkDataSizeForAsyncLoading:131072]]
LogConfig: Setting CVar [[s.AsyncLoadingThreadEnabled:0]]
LogConfig: Setting CVar [[s.EventDrivenLoaderEnabled:1]]
LogConfig: Setting CVar [[s.WarnIfTimeLimitExceeded:0]]
LogConfig: Setting CVar [[s.TimeLimitExceededMultiplier:1.5]]
LogConfig: Setting CVar [[s.TimeLimitExceededMinTime:0.005]]
LogConfig: Setting CVar [[s.UseBackgroundLevelStreaming:1]]
LogConfig: Setting CVar [[s.PriorityAsyncLoadingExtraTime:15.0]]
LogConfig: Setting CVar [[s.LevelStreamingActorsUpdateTimeLimit:5.0]]
LogConfig: Setting CVar [[s.PriorityLevelStreamingActorsUpdateExtraTime:5.0]]
LogConfig: Setting CVar [[s.LevelStreamingComponentsRegistrationGranularity:10]]
LogConfig: Setting CVar [[s.UnregisterComponentsTimeLimit:1.0]]
LogConfig: Setting CVar [[s.LevelStreamingComponentsUnregistrationGranularity:5]]
LogConfig: Setting CVar [[s.FlushStreamingOnExit:1]]
LogInit: Object subsystem initialized
LogConfig: Setting CVar [[con.DebugEarlyDefault:1]]
LogConfig: Setting CVar [[r.setres:1280x720]]
[2022.01.04-19.24.05:481][  0]LogConfig: Setting CVar [[con.DebugEarlyDefault:1]]
[2022.01.04-19.24.05:481][  0]LogConfig: Setting CVar [[r.setres:1280x720]]
[2022.01.04-19.24.05:481][  0]LogConfig: Applying CVar settings from Section [/Script/Engine.RendererSettings] File [C:/Users/yara5/Documents/Master/Semester_3/VR/Projekt/WhoBroughtThePresents/UR_Weihnachtsgruppe/Saved/Config/Windows/Engine.ini]
[2022.01.04-19.24.05:481][  0]LogConfig: Setting CVar [[r.GPUCrashDebugging:0]]
[2022.01.04-19.24.05:481][  0]LogConfig: Applying CVar settings from Section [/Script/Engine.RendererOverrideSettings] File [C:/Users/yara5/Documents/Master/Semester_3/VR/Projekt/WhoBroughtThePresents/UR_Weihnachtsgruppe/Saved/Config/Windows/Engine.ini]
[2022.01.04-19.24.05:482][  0]LogConfig: Applying CVar settings from Section [/Script/Engine.StreamingSettings] File [C:/Users/yara5/Documents/Master/Semester_3/VR/Projekt/WhoBroughtThePresents/UR_Weihnachtsgruppe/Saved/Config/Windows/Engine.ini]
[2022.01.04-19.24.05:482][  0]LogConfig: Setting CVar [[s.MinBulkDataSizeForAsyncLoading:131072]]
[2022.01.04-19.24.05:482][  0]LogConfig: Setting CVar [[s.AsyncLoadingThreadEnabled:0]]
[2022.01.04-19.24.05:482][  0]LogConfig: Setting CVar [[s.EventDrivenLoaderEnabled:1]]
[2022.01.04-19.24.05:482][  0]LogConfig: Setting CVar [[s.WarnIfTimeLimitExceeded:0]]
[2022.01.04-19.24.05:482][  0]LogConfig: Setting CVar [[s.TimeLimitExceededMultiplier:1.5]]
[2022.01.04-19.24.05:482][  0]LogConfig: Setting CVar [[s.TimeLimitExceededMinTime:0.005]]
[2022.01.04-19.24.05:482][  0]LogConfig: Setting CVar [[s.UseBackgroundLevelStreaming:1]]
[2022.01.04-19.24.05:482][  0]LogConfig: Setting CVar [[s.PriorityAsyncLoadingExtraTime:15.0]]
[2022.01.04-19.24.05:482][  0]LogConfig: Setting CVar [[s.LevelStreamingActorsUpdateTimeLimit:5.0]]
[2022.01.04-19.24.05:482][  0]LogConfig: Setting CVar [[s.PriorityLevelStreamingActorsUpdateExtraTime:5.0]]
[2022.01.04-19.24.05:482][  0]LogConfig: Setting CVar [[s.LevelStreamingComponentsRegistrationGranularity:10]]
[2022.01.04-19.24.05:482][  0]LogConfig: Setting CVar [[s.UnregisterComponentsTimeLimit:1.0]]
[2022.01.04-19.24.05:482][  0]LogConfig: Setting CVar [[s.LevelStreamingComponentsUnregistrationGranularity:5]]
[2022.01.04-19.24.05:482][  0]LogConfig: Setting CVar [[s.FlushStreamingOnExit:1]]
[2022.01.04-19.24.05:482][  0]LogConfig: Applying CVar settings from Section [/Script/Engine.GarbageCollectionSettings] File [C:/Users/yara5/Documents/Master/Semester_3/VR/Projekt/WhoBroughtThePresents/UR_Weihnachtsgruppe/Saved/Config/Windows/Engine.ini]
[2022.01.04-19.24.05:482][  0]LogConfig: Setting CVar [[gc.MaxObjectsNotConsideredByGC:1]]
[2022.01.04-19.24.05:482][  0]LogConfig: Setting CVar [[gc.SizeOfPermanentObjectPool:0]]
[2022.01.04-19.24.05:482][  0]LogConfig: Setting CVar [[gc.FlushStreamingOnGC:0]]
[2022.01.04-19.24.05:482][  0]LogConfig: Setting CVar [[gc.NumRetriesBeforeForcingGC:10]]
[2022.01.04-19.24.05:482][  0]LogConfig: Setting CVar [[gc.AllowParallelGC:1]]
[2022.01.04-19.24.05:482][  0]LogConfig: Setting CVar [[gc.TimeBetweenPurgingPendingKillObjects:61.1]]
[2022.01.04-19.24.05:482][  0]LogConfig: Setting CVar [[gc.MaxObjectsInEditor:25165824]]
[2022.01.04-19.24.05:482][  0]LogConfig: Setting CVar [[gc.IncrementalBeginDestroyEnabled:1]]
[2022.01.04-19.24.05:482][  0]LogConfig: Setting CVar [[gc.CreateGCClusters:1]]
[2022.01.04-19.24.05:482][  0]LogConfig: Setting CVar [[gc.MinGCClusterSize:5]]
[2022.01.04-19.24.05:482][  0]LogConfig: Setting CVar [[gc.ActorClusteringEnabled:0]]
[2022.01.04-19.24.05:482][  0]LogConfig: Setting CVar [[gc.BlueprintClusteringEnabled:0]]
[2022.01.04-19.24.05:482][  0]LogConfig: Setting CVar [[gc.UseDisregardForGCOnDedicatedServers:0]]
[2022.01.04-19.24.05:482][  0]LogConfig: Setting CVar [[gc.MultithreadedDestructionEnabled:1]]
[2022.01.04-19.24.05:482][  0]LogConfig: Applying CVar settings from Section [/Script/Engine.NetworkSettings] File [C:/Users/yara5/Documents/Master/Semester_3/VR/Projekt/WhoBroughtThePresents/UR_Weihnachtsgruppe/Saved/Config/Windows/Engine.ini]
[2022.01.04-19.24.05:482][  0]LogConfig: Applying CVar settings from Section [/Script/UnrealEd.CookerSettings] File [C:/Users/yara5/Documents/Master/Semester_3/VR/Projekt/WhoBroughtThePresents/UR_Weihnachtsgruppe/Saved/Config/Windows/Engine.ini]
[2022.01.04-19.24.05:488][  0]LogConfig: Applying CVar settings from Section [ViewDistanceQuality@3] File [C:/Users/yara5/Documents/Master/Semester_3/VR/Projekt/WhoBroughtThePresents/UR_Weihnachtsgruppe/Saved/Config/Windows/Scalability.ini]
[2022.01.04-19.24.05:488][  0]LogConfig: Setting CVar [[r.SkeletalMeshLODBias:0]]
[2022.01.04-19.24.05:488][  0]LogConfig: Setting CVar [[r.ViewDistanceScale:1.0]]
[2022.01.04-19.24.05:488][  0]LogConfig: Applying CVar settings from Section [AntiAliasingQuality@3] File [C:/Users/yara5/Documents/Master/Semester_3/VR/Projekt/WhoBroughtThePresents/UR_Weihnachtsgruppe/Saved/Config/Windows/Scalability.ini]
[2022.01.04-19.24.05:488][  0]LogConfig: Setting CVar [[r.PostProcessAAQuality:4]]
[2022.01.04-19.24.05:488][  0]LogConfig: Applying CVar settings from Section [ShadowQuality@3] File [C:/Users/yara5/Documents/Master/Semester_3/VR/Projekt/WhoBroughtThePresents/UR_Weihnachtsgruppe/Saved/Config/Windows/Scalability.ini]
[2022.01.04-19.24.05:488][  0]LogConfig: Setting CVar [[r.LightFunctionQuality:1]]
[2022.01.04-19.24.05:488][  0]LogConfig: Setting CVar [[r.ShadowQuality:5]]
[2022.01.04-19.24.05:488][  0]LogConfig: Setting CVar [[r.Shadow.CSM.MaxCascades:10]]
[2022.01.04-19.24.05:488][  0]LogConfig: Setting CVar [[r.Shadow.MaxResolution:2048]]
[2022.01.04-19.24.05:489][  0]LogConfig: Setting CVar [[r.Shadow.MaxCSMResolution:2048]]
[2022.01.04-19.24.05:489][  0]LogConfig: Setting CVar [[r.Shadow.RadiusThreshold:0.01]]
[2022.01.04-19.24.05:489][  0]LogConfig: Setting CVar [[r.Shadow.DistanceScale:1.0]]
[2022.01.04-19.24.05:489][  0]LogConfig: Setting CVar [[r.Shadow.CSM.TransitionScale:1.0]]
[2022.01.04-19.24.05:489][  0]LogConfig: Setting CVar [[r.Shadow.PreShadowResolutionFactor:1.0]]
[2022.01.04-19.24.05:489][  0]LogConfig: Setting CVar [[r.DistanceFieldShadowing:1]]
[2022.01.04-19.24.05:489][  0]LogConfig: Setting CVar [[r.DistanceFieldAO:1]]
[2022.01.04-19.24.05:489][  0]LogConfig: Setting CVar [[r.AOQuality:2]]
[2022.01.04-19.24.05:489][  0]LogConfig: Setting CVar [[r.VolumetricFog:1]]
[2022.01.04-19.24.05:489][  0]LogConfig: Setting CVar [[r.VolumetricFog.GridPixelSize:8]]
[2022.01.04-19.24.05:489][  0]LogConfig: Setting CVar [[r.VolumetricFog.GridSizeZ:128]]
[2022.01.04-19.24.05:489][  0]LogConfig: Setting CVar [[r.VolumetricFog.HistoryMissSupersampleCount:4]]
[2022.01.04-19.24.05:489][  0]LogConfig: Setting CVar [[r.LightMaxDrawDistanceScale:1]]
[2022.01.04-19.24.05:489][  0]LogConfig: Setting CVar [[r.CapsuleShadows:1]]
[2022.01.04-19.24.05:489][  0]LogConfig: Applying CVar settings from Section [PostProcessQuality@3] File [C:/Users/yara5/Documents/Master/Semester_3/VR/Projekt/WhoBroughtThePresents/UR_Weihnachtsgruppe/Saved/Config/Windows/Scalability.ini]
[2022.01.04-19.24.05:489][  0]LogConfig: Setting CVar [[r.MotionBlurQuality:4]]
[2022.01.04-19.24.05:489][  0]LogConfig: Setting CVar [[r.AmbientOcclusionMipLevelFactor:0.4]]
[2022.01.04-19.24.05:489][  0]LogConfig: Setting CVar [[r.AmbientOcclusionMaxQuality:100]]
[2022.01.04-19.24.05:489][  0]LogConfig: Setting CVar [[r.AmbientOcclusionLevels:-1]]
[2022.01.04-19.24.05:489][  0]LogConfig: Setting CVar [[r.AmbientOcclusionRadiusScale:1.0]]
[2022.01.04-19.24.05:489][  0]LogConfig: Setting CVar [[r.DepthOfFieldQuality:2]]
[2022.01.04-19.24.05:489][  0]LogConfig: Setting CVar [[r.RenderTargetPoolMin:400]]
[2022.01.04-19.24.05:489][  0]LogConfig: Setting CVar [[r.LensFlareQuality:2]]
[2022.01.04-19.24.05:489][  0]LogConfig: Setting CVar [[r.SceneColorFringeQuality:1]]
[2022.01.04-19.24.05:489][  0]LogConfig: Setting CVar [[r.EyeAdaptationQuality:2]]
[2022.01.04-19.24.05:489][  0]LogConfig: Setting CVar [[r.BloomQuality:5]]
[2022.01.04-19.24.05:489][  0]LogConfig: Setting CVar [[r.FastBlurThreshold:100]]
[2022.01.04-19.24.05:489][  0]LogConfig: Setting CVar [[r.Upscale.Quality:3]]
[2022.01.04-19.24.05:489][  0]LogConfig: Setting CVar [[r.Tonemapper.GrainQuantization:1]]
[2022.01.04-19.24.05:489][  0]LogConfig: Setting CVar [[r.LightShaftQuality:1]]
[2022.01.04-19.24.05:489][  0]LogConfig: Setting CVar [[r.Filter.SizeScale:1]]
[2022.01.04-19.24.05:489][  0]LogConfig: Setting CVar [[r.Tonemapper.Quality:5]]
[2022.01.04-19.24.05:489][  0]LogConfig: Setting CVar [[r.DOF.Gather.AccumulatorQuality:1        ; higher gathering accumulator quality]]
[2022.01.04-19.24.05:489][  0]LogConfig: Setting CVar [[r.DOF.Gather.PostfilterMethod:1          ; Median3x3 postfilering method]]
[2022.01.04-19.24.05:489][  0]LogConfig: Setting CVar [[r.DOF.Gather.EnableBokehSettings:0       ; no bokeh simulation when gathering]]
[2022.01.04-19.24.05:489][  0]LogConfig: Setting CVar [[r.DOF.Gather.RingCount:4                 ; medium number of samples when gathering]]
[2022.01.04-19.24.05:489][  0]LogConfig: Setting CVar [[r.DOF.Scatter.ForegroundCompositing:1    ; additive foreground scattering]]
[2022.01.04-19.24.05:489][  0]LogConfig: Setting CVar [[r.DOF.Scatter.BackgroundCompositing:2    ; additive background scattering]]
[2022.01.04-19.24.05:489][  0]LogConfig: Setting CVar [[r.DOF.Scatter.EnableBokehSettings:1      ; bokeh simulation when scattering]]
[2022.01.04-19.24.05:489][  0]LogConfig: Setting CVar [[r.DOF.Scatter.MaxSpriteRatio:0.1         ; only a maximum of 10% of scattered bokeh]]
[2022.01.04-19.24.05:489][  0]LogConfig: Setting CVar [[r.DOF.Recombine.Quality:1                ; cheap slight out of focus]]
[2022.01.04-19.24.05:489][  0]LogConfig: Setting CVar [[r.DOF.Recombine.EnableBokehSettings:0    ; no bokeh simulation on slight out of focus]]
[2022.01.04-19.24.05:489][  0]LogConfig: Setting CVar [[r.DOF.TemporalAAQuality:1                ; more stable temporal accumulation]]
[2022.01.04-19.24.05:489][  0]LogConfig: Setting CVar [[r.DOF.Kernel.MaxForegroundRadius:0.025]]
[2022.01.04-19.24.05:489][  0]LogConfig: Setting CVar [[r.DOF.Kernel.MaxBackgroundRadius:0.025]]
[2022.01.04-19.24.05:489][  0]LogConfig: Applying CVar settings from Section [TextureQuality@3] File [C:/Users/yara5/Documents/Master/Semester_3/VR/Projekt/WhoBroughtThePresents/UR_Weihnachtsgruppe/Saved/Config/Windows/Scalability.ini]
[2022.01.04-19.24.05:489][  0]LogConfig: Setting CVar [[r.Streaming.MipBias:0]]
[2022.01.04-19.24.05:489][  0]LogConfig: Setting CVar [[r.Streaming.AmortizeCPUToGPUCopy:0]]
[2022.01.04-19.24.05:489][  0]LogConfig: Setting CVar [[r.Streaming.MaxNumTexturesToStreamPerFrame:0]]
[2022.01.04-19.24.05:489][  0]LogConfig: Setting CVar [[r.Streaming.Boost:1]]
[2022.01.04-19.24.05:489][  0]LogConfig: Setting CVar [[r.MaxAnisotropy:8]]
[2022.01.04-19.24.05:489][  0]LogConfig: Setting CVar [[r.VT.MaxAnisotropy:8]]
[2022.01.04-19.24.05:489][  0]LogConfig: Setting CVar [[r.Streaming.LimitPoolSizeToVRAM:0]]
[2022.01.04-19.24.05:489][  0]LogConfig: Setting CVar [[r.Streaming.PoolSize:1000]]
[2022.01.04-19.24.05:489][  0]LogConfig: Setting CVar [[r.Streaming.MaxEffectiveScreenSize:0]]
[2022.01.04-19.24.05:489][  0]LogConfig: Applying CVar settings from Section [EffectsQuality@3] File [C:/Users/yara5/Documents/Master/Semester_3/VR/Projekt/WhoBroughtThePresents/UR_Weihnachtsgruppe/Saved/Config/Windows/Scalability.ini]
[2022.01.04-19.24.05:489][  0]LogConfig: Setting CVar [[r.TranslucencyLightingVolumeDim:64]]
[2022.01.04-19.24.05:489][  0]LogConfig: Setting CVar [[r.RefractionQuality:2]]
[2022.01.04-19.24.05:489][  0]LogConfig: Setting CVar [[r.SSR.Quality:3]]
[2022.01.04-19.24.05:489][  0]LogConfig: Setting CVar [[r.SSR.HalfResSceneColor:0]]
[2022.01.04-19.24.05:489][  0]LogConfig: Setting CVar [[r.SceneColorFormat:4]]
[2022.01.04-19.24.05:489][  0]LogConfig: Setting CVar [[r.DetailMode:2]]
[2022.01.04-19.24.05:489][  0]LogConfig: Setting CVar [[r.TranslucencyVolumeBlur:1]]
[2022.01.04-19.24.05:489][  0]LogConfig: Setting CVar [[r.MaterialQualityLevel:1 ; High quality]]
[2022.01.04-19.24.05:489][  0]LogConfig: Setting CVar [[r.AnisotropicMaterials:1]]
[2022.01.04-19.24.05:489][  0]LogConfig: Setting CVar [[r.SSS.Scale:1]]
[2022.01.04-19.24.05:489][  0]LogConfig: Setting CVar [[r.SSS.SampleSet:2]]
[2022.01.04-19.24.05:489][  0]LogConfig: Setting CVar [[r.SSS.Quality:1]]
[2022.01.04-19.24.05:489][  0]LogConfig: Setting CVar [[r.SSS.HalfRes:0]]
[2022.01.04-19.24.05:489][  0]LogConfig: Setting CVar [[r.SSGI.Quality:3]]
[2022.01.04-19.24.05:489][  0]LogConfig: Setting CVar [[r.EmitterSpawnRateScale:1.0]]
[2022.01.04-19.24.05:489][  0]LogConfig: Setting CVar [[r.ParticleLightQuality:2]]
[2022.01.04-19.24.05:489][  0]LogConfig: Setting CVar [[r.SkyAtmosphere.AerialPerspectiveLUT.FastApplyOnOpaque:1 ; Always have FastSkyLUT 1 in this case to avoid wrong sky]]
[2022.01.04-19.24.05:489][  0]LogConfig: Setting CVar [[r.SkyAtmosphere.AerialPerspectiveLUT.SampleCountMaxPerSlice:4]]
[2022.01.04-19.24.05:489][  0]LogConfig: Setting CVar [[r.SkyAtmosphere.AerialPerspectiveLUT.DepthResolution:16.0]]
[2022.01.04-19.24.05:489][  0]LogConfig: Setting CVar [[r.SkyAtmosphere.FastSkyLUT:1]]
[2022.01.04-19.24.05:489][  0]LogConfig: Setting CVar [[r.SkyAtmosphere.FastSkyLUT.SampleCountMin:4.0]]
[2022.01.04-19.24.05:489][  0]LogConfig: Setting CVar [[r.SkyAtmosphere.FastSkyLUT.SampleCountMax:128.0]]
[2022.01.04-19.24.05:490][  0]LogConfig: Setting CVar [[r.SkyAtmosphere.SampleCountMin:4.0]]
[2022.01.04-19.24.05:490][  0]LogConfig: Setting CVar [[r.SkyAtmosphere.SampleCountMax:128.0]]
[2022.01.04-19.24.05:490][  0]LogConfig: Setting CVar [[r.SkyAtmosphere.TransmittanceLUT.UseSmallFormat:0]]
[2022.01.04-19.24.05:490][  0]LogConfig: Setting CVar [[r.SkyAtmosphere.TransmittanceLUT.SampleCount:10.0]]
[2022.01.04-19.24.05:490][  0]LogConfig: Setting CVar [[r.SkyAtmosphere.MultiScatteringLUT.SampleCount:15.0]]
[2022.01.04-19.24.05:490][  0]LogConfig: Setting CVar [[r.SkyLight.RealTimeReflectionCapture:1]]
[2022.01.04-19.24.05:490][  0]LogConfig: Applying CVar settings from Section [FoliageQuality@3] File [C:/Users/yara5/Documents/Master/Semester_3/VR/Projekt/WhoBroughtThePresents/UR_Weihnachtsgruppe/Saved/Config/Windows/Scalability.ini]
[2022.01.04-19.24.05:490][  0]LogConfig: Setting CVar [[foliage.DensityScale:1.0]]
[2022.01.04-19.24.05:490][  0]LogConfig: Setting CVar [[grass.DensityScale:1.0]]
[2022.01.04-19.24.05:490][  0]LogConfig: Applying CVar settings from Section [ShadingQuality@3] File [C:/Users/yara5/Documents/Master/Semester_3/VR/Projekt/WhoBroughtThePresents/UR_Weihnachtsgruppe/Saved/Config/Windows/Scalability.ini]
[2022.01.04-19.24.05:490][  0]LogConfig: Setting CVar [[r.HairStrands.SkyLighting.IntegrationType:2]]
[2022.01.04-19.24.05:490][  0]LogConfig: Setting CVar [[r.HairStrands.SkyAO.SampleCount:4]]
[2022.01.04-19.24.05:490][  0]LogConfig: Setting CVar [[r.HairStrands.Visibility.MSAA.SamplePerPixel:4]]
[2022.01.04-19.24.05:490][  0]LogInit: Selected Device Profile: [Windows]
[2022.01.04-19.24.05:490][  0]LogInit: Applying CVar settings loaded from the selected device profile: [Windows]
[2022.01.04-19.24.05:490][  0]LogHAL: Display: Platform has ~ 8 GB [8420859904 / 8589934592 / 8], which maps to Default [LargestMinGB=32, LargerMinGB=12, DefaultMinGB=8, SmallerMinGB=6, SmallestMinGB=0)
[2022.01.04-19.24.05:490][  0]LogInit: Going up to parent DeviceProfile []
[2022.01.04-19.24.05:490][  0]LogConfig: Applying CVar settings from Section [ViewDistanceQuality@3] File [C:/Users/yara5/Documents/Master/Semester_3/VR/Projekt/WhoBroughtThePresents/UR_Weihnachtsgruppe/Saved/Config/Windows/Scalability.ini]
[2022.01.04-19.24.05:490][  0]LogConfig: Setting CVar [[r.SkeletalMeshLODBias:0]]
[2022.01.04-19.24.05:490][  0]LogConfig: Setting CVar [[r.ViewDistanceScale:1.0]]
[2022.01.04-19.24.05:490][  0]LogConfig: Applying CVar settings from Section [AntiAliasingQuality@3] File [C:/Users/yara5/Documents/Master/Semester_3/VR/Projekt/WhoBroughtThePresents/UR_Weihnachtsgruppe/Saved/Config/Windows/Scalability.ini]
[2022.01.04-19.24.05:490][  0]LogConfig: Setting CVar [[r.PostProcessAAQuality:4]]
[2022.01.04-19.24.05:490][  0]LogConfig: Applying CVar settings from Section [ShadowQuality@3] File [C:/Users/yara5/Documents/Master/Semester_3/VR/Projekt/WhoBroughtThePresents/UR_Weihnachtsgruppe/Saved/Config/Windows/Scalability.ini]
[2022.01.04-19.24.05:490][  0]LogConfig: Setting CVar [[r.LightFunctionQuality:1]]
[2022.01.04-19.24.05:490][  0]LogConfig: Setting CVar [[r.ShadowQuality:5]]
[2022.01.04-19.24.05:490][  0]LogConfig: Setting CVar [[r.Shadow.CSM.MaxCascades:10]]
[2022.01.04-19.24.05:490][  0]LogConfig: Setting CVar [[r.Shadow.MaxResolution:2048]]
[2022.01.04-19.24.05:490][  0]LogConfig: Setting CVar [[r.Shadow.MaxCSMResolution:2048]]
[2022.01.04-19.24.05:490][  0]LogConfig: Setting CVar [[r.Shadow.RadiusThreshold:0.01]]
[2022.01.04-19.24.05:490][  0]LogConfig: Setting CVar [[r.Shadow.DistanceScale:1.0]]
[2022.01.04-19.24.05:490][  0]LogConfig: Setting CVar [[r.Shadow.CSM.TransitionScale:1.0]]
[2022.01.04-19.24.05:490][  0]LogConfig: Setting CVar [[r.Shadow.PreShadowResolutionFactor:1.0]]
[2022.01.04-19.24.05:490][  0]LogConfig: Setting CVar [[r.DistanceFieldShadowing:1]]
[2022.01.04-19.24.05:490][  0]LogConfig: Setting CVar [[r.DistanceFieldAO:1]]
[2022.01.04-19.24.05:490][  0]LogConfig: Setting CVar [[r.AOQuality:2]]
[2022.01.04-19.24.05:490][  0]LogConfig: Setting CVar [[r.VolumetricFog:1]]
[2022.01.04-19.24.05:490][  0]LogConfig: Setting CVar [[r.VolumetricFog.GridPixelSize:8]]
[2022.01.04-19.24.05:490][  0]LogConfig: Setting CVar [[r.VolumetricFog.GridSizeZ:128]]
[2022.01.04-19.24.05:490][  0]LogConfig: Setting CVar [[r.VolumetricFog.HistoryMissSupersampleCount:4]]
[2022.01.04-19.24.05:490][  0]LogConfig: Setting CVar [[r.LightMaxDrawDistanceScale:1]]
[2022.01.04-19.24.05:490][  0]LogConfig: Setting CVar [[r.CapsuleShadows:1]]
[2022.01.04-19.24.05:490][  0]LogConfig: Applying CVar settings from Section [PostProcessQuality@3] File [C:/Users/yara5/Documents/Master/Semester_3/VR/Projekt/WhoBroughtThePresents/UR_Weihnachtsgruppe/Saved/Config/Windows/Scalability.ini]
[2022.01.04-19.24.05:490][  0]LogConfig: Setting CVar [[r.MotionBlurQuality:4]]
[2022.01.04-19.24.05:490][  0]LogConfig: Setting CVar [[r.AmbientOcclusionMipLevelFactor:0.4]]
[2022.01.04-19.24.05:490][  0]LogConfig: Setting CVar [[r.AmbientOcclusionMaxQuality:100]]
[2022.01.04-19.24.05:490][  0]LogConfig: Setting CVar [[r.AmbientOcclusionLevels:-1]]
[2022.01.04-19.24.05:490][  0]LogConfig: Setting CVar [[r.AmbientOcclusionRadiusScale:1.0]]
[2022.01.04-19.24.05:490][  0]LogConfig: Setting CVar [[r.DepthOfFieldQuality:2]]
[2022.01.04-19.24.05:490][  0]LogConfig: Setting CVar [[r.RenderTargetPoolMin:400]]
[2022.01.04-19.24.05:490][  0]LogConfig: Setting CVar [[r.LensFlareQuality:2]]
[2022.01.04-19.24.05:490][  0]LogConfig: Setting CVar [[r.SceneColorFringeQuality:1]]
[2022.01.04-19.24.05:490][  0]LogConfig: Setting CVar [[r.EyeAdaptationQuality:2]]
[2022.01.04-19.24.05:490][  0]LogConfig: Setting CVar [[r.BloomQuality:5]]
[2022.01.04-19.24.05:490][  0]LogConfig: Setting CVar [[r.FastBlurThreshold:100]]
[2022.01.04-19.24.05:490][  0]LogConfig: Setting CVar [[r.Upscale.Quality:3]]
[2022.01.04-19.24.05:490][  0]LogConfig: Setting CVar [[r.Tonemapper.GrainQuantization:1]]
[2022.01.04-19.24.05:490][  0]LogConfig: Setting CVar [[r.LightShaftQuality:1]]
[2022.01.04-19.24.05:490][  0]LogConfig: Setting CVar [[r.Filter.SizeScale:1]]
[2022.01.04-19.24.05:490][  0]LogConfig: Setting CVar [[r.Tonemapper.Quality:5]]
[2022.01.04-19.24.05:490][  0]LogConfig: Setting CVar [[r.DOF.Gather.AccumulatorQuality:1        ; higher gathering accumulator quality]]
[2022.01.04-19.24.05:490][  0]LogConfig: Setting CVar [[r.DOF.Gather.PostfilterMethod:1          ; Median3x3 postfilering method]]
[2022.01.04-19.24.05:490][  0]LogConfig: Setting CVar [[r.DOF.Gather.EnableBokehSettings:0       ; no bokeh simulation when gathering]]
[2022.01.04-19.24.05:490][  0]LogConfig: Setting CVar [[r.DOF.Gather.RingCount:4                 ; medium number of samples when gathering]]
[2022.01.04-19.24.05:490][  0]LogConfig: Setting CVar [[r.DOF.Scatter.ForegroundCompositing:1    ; additive foreground scattering]]
[2022.01.04-19.24.05:490][  0]LogConfig: Setting CVar [[r.DOF.Scatter.BackgroundCompositing:2    ; additive background scattering]]
[2022.01.04-19.24.05:490][  0]LogConfig: Setting CVar [[r.DOF.Scatter.EnableBokehSettings:1      ; bokeh simulation when scattering]]
[2022.01.04-19.24.05:490][  0]LogConfig: Setting CVar [[r.DOF.Scatter.MaxSpriteRatio:0.1         ; only a maximum of 10% of scattered bokeh]]
[2022.01.04-19.24.05:490][  0]LogConfig: Setting CVar [[r.DOF.Recombine.Quality:1                ; cheap slight out of focus]]
[2022.01.04-19.24.05:490][  0]LogConfig: Setting CVar [[r.DOF.Recombine.EnableBokehSettings:0    ; no bokeh simulation on slight out of focus]]
[2022.01.04-19.24.05:490][  0]LogConfig: Setting CVar [[r.DOF.TemporalAAQuality:1                ; more stable temporal accumulation]]
[2022.01.04-19.24.05:490][  0]LogConfig: Setting CVar [[r.DOF.Kernel.MaxForegroundRadius:0.025]]
[2022.01.04-19.24.05:490][  0]LogConfig: Setting CVar [[r.DOF.Kernel.MaxBackgroundRadius:0.025]]
[2022.01.04-19.24.05:490][  0]LogConfig: Applying CVar settings from Section [TextureQuality@3] File [C:/Users/yara5/Documents/Master/Semester_3/VR/Projekt/WhoBroughtThePresents/UR_Weihnachtsgruppe/Saved/Config/Windows/Scalability.ini]
[2022.01.04-19.24.05:490][  0]LogConfig: Setting CVar [[r.Streaming.MipBias:0]]
[2022.01.04-19.24.05:490][  0]LogConfig: Setting CVar [[r.Streaming.AmortizeCPUToGPUCopy:0]]
[2022.01.04-19.24.05:490][  0]LogConfig: Setting CVar [[r.Streaming.MaxNumTexturesToStreamPerFrame:0]]
[2022.01.04-19.24.05:491][  0]LogConfig: Setting CVar [[r.Streaming.Boost:1]]
[2022.01.04-19.24.05:491][  0]LogConfig: Setting CVar [[r.MaxAnisotropy:8]]
[2022.01.04-19.24.05:491][  0]LogConfig: Setting CVar [[r.VT.MaxAnisotropy:8]]
[2022.01.04-19.24.05:491][  0]LogConfig: Setting CVar [[r.Streaming.LimitPoolSizeToVRAM:0]]
[2022.01.04-19.24.05:491][  0]LogConfig: Setting CVar [[r.Streaming.PoolSize:1000]]
[2022.01.04-19.24.05:491][  0]LogConfig: Setting CVar [[r.Streaming.MaxEffectiveScreenSize:0]]
[2022.01.04-19.24.05:491][  0]LogConfig: Applying CVar settings from Section [EffectsQuality@3] File [C:/Users/yara5/Documents/Master/Semester_3/VR/Projekt/WhoBroughtThePresents/UR_Weihnachtsgruppe/Saved/Config/Windows/Scalability.ini]
[2022.01.04-19.24.05:491][  0]LogConfig: Setting CVar [[r.TranslucencyLightingVolumeDim:64]]
[2022.01.04-19.24.05:491][  0]LogConfig: Setting CVar [[r.RefractionQuality:2]]
[2022.01.04-19.24.05:491][  0]LogConfig: Setting CVar [[r.SSR.Quality:3]]
[2022.01.04-19.24.05:491][  0]LogConfig: Setting CVar [[r.SSR.HalfResSceneColor:0]]
[2022.01.04-19.24.05:491][  0]LogConfig: Setting CVar [[r.SceneColorFormat:4]]
[2022.01.04-19.24.05:491][  0]LogConfig: Setting CVar [[r.DetailMode:2]]
[2022.01.04-19.24.05:491][  0]LogConfig: Setting CVar [[r.TranslucencyVolumeBlur:1]]
[2022.01.04-19.24.05:491][  0]LogConfig: Setting CVar [[r.MaterialQualityLevel:1 ; High quality]]
[2022.01.04-19.24.05:491][  0]LogConfig: Setting CVar [[r.AnisotropicMaterials:1]]
[2022.01.04-19.24.05:491][  0]LogConfig: Setting CVar [[r.SSS.Scale:1]]
[2022.01.04-19.24.05:491][  0]LogConfig: Setting CVar [[r.SSS.SampleSet:2]]
[2022.01.04-19.24.05:491][  0]LogConfig: Setting CVar [[r.SSS.Quality:1]]
[2022.01.04-19.24.05:491][  0]LogConfig: Setting CVar [[r.SSS.HalfRes:0]]
[2022.01.04-19.24.05:491][  0]LogConfig: Setting CVar [[r.SSGI.Quality:3]]
[2022.01.04-19.24.05:491][  0]LogConfig: Setting CVar [[r.EmitterSpawnRateScale:1.0]]
[2022.01.04-19.24.05:491][  0]LogConfig: Setting CVar [[r.ParticleLightQuality:2]]
[2022.01.04-19.24.05:491][  0]LogConfig: Setting CVar [[r.SkyAtmosphere.AerialPerspectiveLUT.FastApplyOnOpaque:1 ; Always have FastSkyLUT 1 in this case to avoid wrong sky]]
[2022.01.04-19.24.05:491][  0]LogConfig: Setting CVar [[r.SkyAtmosphere.AerialPerspectiveLUT.SampleCountMaxPerSlice:4]]
[2022.01.04-19.24.05:491][  0]LogConfig: Setting CVar [[r.SkyAtmosphere.AerialPerspectiveLUT.DepthResolution:16.0]]
[2022.01.04-19.24.05:491][  0]LogConfig: Setting CVar [[r.SkyAtmosphere.FastSkyLUT:1]]
[2022.01.04-19.24.05:491][  0]LogConfig: Setting CVar [[r.SkyAtmosphere.FastSkyLUT.SampleCountMin:4.0]]
[2022.01.04-19.24.05:491][  0]LogConfig: Setting CVar [[r.SkyAtmosphere.FastSkyLUT.SampleCountMax:128.0]]
[2022.01.04-19.24.05:491][  0]LogConfig: Setting CVar [[r.SkyAtmosphere.SampleCountMin:4.0]]
[2022.01.04-19.24.05:491][  0]LogConfig: Setting CVar [[r.SkyAtmosphere.SampleCountMax:128.0]]
[2022.01.04-19.24.05:491][  0]LogConfig: Setting CVar [[r.SkyAtmosphere.TransmittanceLUT.UseSmallFormat:0]]
[2022.01.04-19.24.05:491][  0]LogConfig: Setting CVar [[r.SkyAtmosphere.TransmittanceLUT.SampleCount:10.0]]
[2022.01.04-19.24.05:491][  0]LogConfig: Setting CVar [[r.SkyAtmosphere.MultiScatteringLUT.SampleCount:15.0]]
[2022.01.04-19.24.05:491][  0]LogConfig: Setting CVar [[r.SkyLight.RealTimeReflectionCapture:1]]
[2022.01.04-19.24.05:491][  0]LogConfig: Applying CVar settings from Section [FoliageQuality@3] File [C:/Users/yara5/Documents/Master/Semester_3/VR/Projekt/WhoBroughtThePresents/UR_Weihnachtsgruppe/Saved/Config/Windows/Scalability.ini]
[2022.01.04-19.24.05:491][  0]LogConfig: Setting CVar [[foliage.DensityScale:1.0]]
[2022.01.04-19.24.05:491][  0]LogConfig: Setting CVar [[grass.DensityScale:1.0]]
[2022.01.04-19.24.05:491][  0]LogConfig: Applying CVar settings from Section [ShadingQuality@3] File [C:/Users/yara5/Documents/Master/Semester_3/VR/Projekt/WhoBroughtThePresents/UR_Weihnachtsgruppe/Saved/Config/Windows/Scalability.ini]
[2022.01.04-19.24.05:491][  0]LogConfig: Setting CVar [[r.HairStrands.SkyLighting.IntegrationType:2]]
[2022.01.04-19.24.05:491][  0]LogConfig: Setting CVar [[r.HairStrands.SkyAO.SampleCount:4]]
[2022.01.04-19.24.05:491][  0]LogConfig: Setting CVar [[r.HairStrands.Visibility.MSAA.SamplePerPixel:4]]
[2022.01.04-19.24.05:491][  0]LogConfig: Applying CVar settings from Section [Startup] File [../../../Engine/Config/ConsoleVariables.ini]
[2022.01.04-19.24.05:492][  0]LogConfig: Setting CVar [[net.UseAdaptiveNetUpdateFrequency:0]]
[2022.01.04-19.24.05:492][  0]LogConfig: Setting CVar [[p.chaos.AllowCreatePhysxBodies:1]]
[2022.01.04-19.24.05:492][  0]LogConfig: Setting CVar [[fx.SkipVectorVMBackendOptimizations:1]]
[2022.01.04-19.24.05:492][  0]LogConfig: Applying CVar settings from Section [ConsoleVariables] File [C:/Users/yara5/Documents/Master/Semester_3/VR/Projekt/WhoBroughtThePresents/UR_Weihnachtsgruppe/Saved/Config/Windows/Engine.ini]
[2022.01.04-19.24.05:492][  0]LogConfig: Applying CVar settings from Section [ConsoleVariables] File [C:/Users/yara5/Documents/Master/Semester_3/VR/Projekt/WhoBroughtThePresents/UR_Weihnachtsgruppe/Saved/Config/Windows/Editor.ini]
[2022.01.04-19.24.05:492][  0]LogInit: Computer: DESKTOP-HVKQPE0
[2022.01.04-19.24.05:492][  0]LogInit: User: yara5
[2022.01.04-19.24.05:492][  0]LogInit: CPU Page size=4096, Cores=6
[2022.01.04-19.24.05:492][  0]LogInit: High frequency timer resolution =10.000000 MHz
[2022.01.04-19.24.05:492][  0]LogMemory: Memory total: Physical=7.8GB (8GB approx)
[2022.01.04-19.24.05:492][  0]LogMemory: Platform Memory Stats for Windows
[2022.01.04-19.24.05:492][  0]LogMemory: Process Physical Memory: 148.07 MB used, 148.07 MB peak
[2022.01.04-19.24.05:492][  0]LogMemory: Process Virtual Memory: 124.23 MB used, 124.23 MB peak
[2022.01.04-19.24.05:492][  0]LogMemory: Physical Memory: 7179.99 MB used,  850.77 MB free, 8030.76 MB total
[2022.01.04-19.24.05:492][  0]LogMemory: Virtual Memory: 134214064.00 MB used,  3662.45 MB free, 134217728.00 MB total
[2022.01.04-19.24.05:500][  0]LogWindows: WindowsPlatformFeatures enabled
[2022.01.04-19.24.05:527][  0]LogInit: Physics initialised using underlying interface: PhysX
[2022.01.04-19.24.05:527][  0]LogInit: Using OS detected language (de-DE).
[2022.01.04-19.24.05:527][  0]LogInit: Using OS detected locale (de-DE).
[2022.01.04-19.24.05:531][  0]LogTextLocalizationManager: No specific localization for 'de-DE' exists, so the 'de' localization will be used.
[2022.01.04-19.24.05:534][  0]LogTextLocalizationResource: LocRes '../../../Engine/Content/Localization/Editor/de/Editor.locres' could not be opened for reading!
[2022.01.04-19.24.05:534][  0]LogTextLocalizationResource: LocRes '../../../Engine/Content/Localization/EditorTutorials/de/EditorTutorials.locres' could not be opened for reading!
[2022.01.04-19.24.05:534][  0]LogTextLocalizationResource: LocRes '../../../Engine/Content/Localization/Keywords/de/Keywords.locres' could not be opened for reading!
[2022.01.04-19.24.05:534][  0]LogTextLocalizationResource: LocRes '../../../Engine/Content/Localization/Category/de/Category.locres' could not be opened for reading!
[2022.01.04-19.24.05:535][  0]LogTextLocalizationResource: LocRes '../../../Engine/Content/Localization/ToolTips/de/ToolTips.locres' could not be opened for reading!
[2022.01.04-19.24.05:535][  0]LogTextLocalizationResource: LocRes '../../../Engine/Content/Localization/PropertyNames/de/PropertyNames.locres' could not be opened for reading!
[2022.01.04-19.24.05:535][  0]LogTextLocalizationResource: LocRes '../../../Engine/Content/Localization/Engine/de/Engine.locres' could not be opened for reading!
[2022.01.04-19.24.05:555][  0]LogWindowsTextInputMethodSystem: Display: IME system deactivated.
[2022.01.04-19.24.05:577][  0]LogSlate: New Slate User Created.  User Index 0, Is Virtual User: 0
[2022.01.04-19.24.05:577][  0]LogSlate: Slate User Registered.  User Index 0, Is Virtual User: 0
[2022.01.04-19.24.05:594][  0]LogD3D11RHI: Loaded GFSDK_Aftermath_Lib.x64.dll
[2022.01.04-19.24.05:640][  0]LogHMD: Failed to initialize OpenVR with code 110
[2022.01.04-19.24.05:640][  0]LogD3D11RHI: D3D11 min allowed feature level: 11_0
[2022.01.04-19.24.05:640][  0]LogD3D11RHI: D3D11 max allowed feature level: 11_0
[2022.01.04-19.24.05:640][  0]LogD3D11RHI: D3D11 adapters:
[2022.01.04-19.24.05:748][  0]LogD3D11RHI:    0. 'NVIDIA GeForce RTX 2060' (Feature Level 11_0)
[2022.01.04-19.24.05:748][  0]LogD3D11RHI:       5980/0/4015 MB DedicatedVideo/DedicatedSystem/SharedSystem, Outputs:1, VendorId:0x10de
[2022.01.04-19.24.05:775][  0]LogD3D11RHI:    1. 'Intel(R) UHD Graphics 630' (Feature Level 11_0)
[2022.01.04-19.24.05:775][  0]LogD3D11RHI:       128/0/4015 MB DedicatedVideo/DedicatedSystem/SharedSystem, Outputs:0, VendorId:0x8086
[2022.01.04-19.24.05:777][  0]LogD3D11RHI:    2. 'Microsoft Basic Render Driver' (Feature Level 11_0)
[2022.01.04-19.24.05:777][  0]LogD3D11RHI:       0/0/4015 MB DedicatedVideo/DedicatedSystem/SharedSystem, Outputs:0, VendorId:0x1414
[2022.01.04-19.24.05:777][  0]LogD3D11RHI: Chosen D3D11 Adapter:
[2022.01.04-19.24.05:777][  0]LogD3D11RHI:     Description : NVIDIA GeForce RTX 2060
[2022.01.04-19.24.05:777][  0]LogD3D11RHI:     VendorId    : 10de
[2022.01.04-19.24.05:777][  0]LogD3D11RHI:     DeviceId    : 1f15
[2022.01.04-19.24.05:777][  0]LogD3D11RHI:     SubSysId    : 12aa1462
[2022.01.04-19.24.05:777][  0]LogD3D11RHI:     Revision    : 00a1
[2022.01.04-19.24.05:777][  0]LogD3D11RHI:     DedicatedVideoMemory : 6270484480 bytes
[2022.01.04-19.24.05:777][  0]LogD3D11RHI:     DedicatedSystemMemory : 0 bytes
[2022.01.04-19.24.05:777][  0]LogD3D11RHI:     SharedSystemMemory : 4210429952 bytes
[2022.01.04-19.24.05:777][  0]LogD3D11RHI:     AdapterLuid : 0 62648
[2022.01.04-19.24.05:786][  0]LogD3D11RHI: Creating new Direct3DDevice
[2022.01.04-19.24.05:786][  0]LogD3D11RHI:     GPU DeviceId: 0x1f15 (for the marketing name, search the web for "GPU Device Id")
[2022.01.04-19.24.05:786][  0]LogWindows: EnumDisplayDevices:
[2022.01.04-19.24.05:786][  0]LogWindows:    0. 'Intel(R) UHD Graphics 630' (P:1 D:1)
[2022.01.04-19.24.05:786][  0]LogWindows:    1. 'Intel(R) UHD Graphics 630' (P:0 D:0)
[2022.01.04-19.24.05:786][  0]LogWindows:    2. 'Intel(R) UHD Graphics 630' (P:0 D:0)
[2022.01.04-19.24.05:787][  0]LogWindows:    3. 'NVIDIA GeForce RTX 2060' (P:0 D:0)
[2022.01.04-19.24.05:787][  0]LogWindows: DebugString: PrimaryIsNotTheChoosenAdapter PrimaryIsNotTheChoosenAdapter PrimaryIsNotTheChoosenAdapter 
[2022.01.04-19.24.05:787][  0]LogD3D11RHI:     Adapter Name: NVIDIA GeForce RTX 2060
[2022.01.04-19.24.05:787][  0]LogD3D11RHI:   Driver Version: 441.87 (internal:26.21.14.4187, unified:441.87)
[2022.01.04-19.24.05:787][  0]LogD3D11RHI:      Driver Date: 12-24-2019
[2022.01.04-19.24.05:787][  0]LogRHI: Texture pool is 4186 MB (70% of 5980 MB)
[2022.01.04-19.24.05:787][  0]LogD3D11RHI: Creating D3DDevice using adapter:
[2022.01.04-19.24.05:787][  0]LogD3D11RHI:     Description : NVIDIA GeForce RTX 2060
[2022.01.04-19.24.05:787][  0]LogD3D11RHI:     VendorId    : 10de
[2022.01.04-19.24.05:787][  0]LogD3D11RHI:     DeviceId    : 1f15
[2022.01.04-19.24.05:787][  0]LogD3D11RHI:     SubSysId    : 12aa1462
[2022.01.04-19.24.05:787][  0]LogD3D11RHI:     Revision    : 00a1
[2022.01.04-19.24.05:787][  0]LogD3D11RHI:     DedicatedVideoMemory : 6270484480 bytes
[2022.01.04-19.24.05:787][  0]LogD3D11RHI:     DedicatedSystemMemory : 0 bytes
[2022.01.04-19.24.05:787][  0]LogD3D11RHI:     SharedSystemMemory : 4210429952 bytes
[2022.01.04-19.24.05:787][  0]LogD3D11RHI:     AdapterLuid : 0 62648
[2022.01.04-19.24.05:842][  0]LogD3D11RHI: RHI has support for 64 bit atomics
[2022.01.04-19.24.05:843][  0]LogD3D11RHI: Async texture creation enabled
[2022.01.04-19.24.05:843][  0]LogD3D11RHI: Array index from any shader is supported
[2022.01.04-19.24.05:858][  0]LogD3D11RHI: GPU Timing Frequency: 1000.000000 (Debug: 2 1)
[2022.01.04-19.24.05:901][  0]LogRHI: GeForceNow SDK initialized: 1
[2022.01.04-19.24.06:268][  0]LogTargetPlatformManager: Display: Loaded TargetPlatform 'WindowsNoEditor'
[2022.01.04-19.24.06:273][  0]LogTargetPlatformManager: Display: Loaded TargetPlatform 'Windows'
[2022.01.04-19.24.06:279][  0]LogTargetPlatformManager: Display: Loaded TargetPlatform 'WindowsClient'
[2022.01.04-19.24.06:284][  0]LogTargetPlatformManager: Display: Loaded TargetPlatform 'WindowsServer'
[2022.01.04-19.24.06:284][  0]LogTargetPlatformManager: Display: Building Assets For Windows
[2022.01.04-19.24.06:291][  0]LogAudioDebug: Display: Lib vorbis DLL was dynamically loaded.
[2022.01.04-19.24.06:325][  0]LogTextureFormatOodle: Display: Oodle Texture 2.9.0 init RDO Off
[2022.01.04-19.24.06:357][  0]LogRendererCore: Ray tracing is disabled. Reason: r.RayTracing=0.
[2022.01.04-19.24.06:357][  0]LogShaderCompilers: Guid format shader working directory is -65 characters bigger than the processId version (../../../../../../Users/yara5/Documents/Master/Semester_3/VR/Projekt/WhoBroughtThePresents/UR_Weihnachtsgruppe/Intermediate/Shaders/WorkingDirectory/11260/).
[2022.01.04-19.24.06:358][  0]LogShaderCompilers: Cleaned the shader compiler working directory 'C:/Users/yara5/AppData/Local/Temp/UnrealShaderWorkingDir/C9D524234416808887CC0CBC2C7F3543/'.
[2022.01.04-19.24.06:358][  0]LogXGEController: Cannot use XGE Controller as Incredibuild is not installed on this machine.
[2022.01.04-19.24.06:358][  0]LogShaderCompilers: Cannot use XGE Shader Compiler as Incredibuild is not installed on this machine.
[2022.01.04-19.24.06:358][  0]LogShaderCompilers: Display: Using Local Shader Compiler.
[2022.01.04-19.24.07:209][  0]LogDerivedDataCache: Display: Max Cache Size: 512 MB
[2022.01.04-19.24.07:401][  0]LogDerivedDataCache: Loaded boot cache 0.19s 94MB C:/Users/yara5/AppData/Local/UnrealEngine/4.27/DerivedDataCache/Boot.ddc.
[2022.01.04-19.24.07:401][  0]LogDerivedDataCache: Display: Loaded Boot cache: C:/Users/yara5/AppData/Local/UnrealEngine/4.27/DerivedDataCache/Boot.ddc
[2022.01.04-19.24.07:402][  0]LogDerivedDataCache: FDerivedDataBackendGraph:  Pak pak cache file ../../../../../../Users/yara5/Documents/Master/Semester_3/VR/Projekt/WhoBroughtThePresents/UR_Weihnachtsgruppe/DerivedDataCache/DDC.ddp not found, will not use a pak cache.
[2022.01.04-19.24.07:402][  0]LogDerivedDataCache: Unable to find inner node Pak for hierarchical cache Hierarchy.
[2022.01.04-19.24.07:402][  0]LogDerivedDataCache: FDerivedDataBackendGraph:  CompressedPak pak cache file ../../../../../../Users/yara5/Documents/Master/Semester_3/VR/Projekt/WhoBroughtThePresents/UR_Weihnachtsgruppe/DerivedDataCache/Compressed.ddp not found, will not use a pak cache.
[2022.01.04-19.24.07:402][  0]LogDerivedDataCache: Unable to find inner node CompressedPak for hierarchical cache Hierarchy.
[2022.01.04-19.24.07:422][  0]LogDerivedDataCache: Display: Pak cache opened for reading ../../../Engine/DerivedDataCache/Compressed.ddp.
[2022.01.04-19.24.07:422][  0]LogDerivedDataCache: FDerivedDataBackendGraph:  EnterprisePak pak cache file ../../../Enterprise/DerivedDataCache/Compressed.ddp not found, will not use a pak cache.
[2022.01.04-19.24.07:422][  0]LogDerivedDataCache: Unable to find inner node EnterprisePak for hierarchical cache Hierarchy.
[2022.01.04-19.24.07:439][  0]LogDerivedDataCache: Speed tests for C:/Users/yara5/AppData/Local/UnrealEngine/Common/DerivedDataCache took 0.02 seconds
[2022.01.04-19.24.07:439][  0]LogDerivedDataCache: Display: Performance to C:/Users/yara5/AppData/Local/UnrealEngine/Common/DerivedDataCache: Latency=0.03ms. RandomReadSpeed=104.52MBs, RandomWriteSpeed=118.45MBs. Assigned SpeedClass 'Local'
[2022.01.04-19.24.07:440][  0]LogDerivedDataCache: Using Local data cache path C:/Users/yara5/AppData/Local/UnrealEngine/Common/DerivedDataCache: Writable
[2022.01.04-19.24.07:440][  0]LogDerivedDataCache: Shared data cache path not found in *engine.ini, will not use an Shared cache.
[2022.01.04-19.24.07:440][  0]LogDerivedDataCache: Unable to find inner node Shared for hierarchical cache Hierarchy.
[2022.01.04-19.24.07:490][  0]LogSlate: Using FreeType 2.10.0
[2022.01.04-19.24.07:491][  0]LogSlate: SlateFontServices - WITH_FREETYPE: 1, WITH_HARFBUZZ: 1
[2022.01.04-19.24.07:649][  0]LogInit: Using OS detected language (de-DE).
[2022.01.04-19.24.07:649][  0]LogInit: Using OS detected locale (de-DE).
[2022.01.04-19.24.07:649][  0]LogTextLocalizationManager: No localization for 'de-DE' exists, so 'en' will be used for the language.
[2022.01.04-19.24.07:649][  0]LogTextLocalizationManager: No localization for 'de-DE' exists, so 'en' will be used for the locale.
[2022.01.04-19.24.07:650][  0]LogSlate: FontCache flush requested. Reason: Culture for localization was changed
[2022.01.04-19.24.07:650][  0]LogSlate: FontCache flush requested. Reason: Culture for localization was changed
[2022.01.04-19.24.07:655][  0]LogAssetRegistry: FAssetRegistry took 0.0022 seconds to start up
[2022.01.04-19.24.07:996][  0]LogTextLocalizationManager: Compacting localization data took   0.00ms
[2022.01.04-19.24.07:997][  0]LogPackageLocalizationCache: Processed 27 localized package path(s) for 1 prioritized culture(s) in 0.001850 seconds
[2022.01.04-19.24.08:063][  0]LogInit: Selected Device Profile: [Windows]
[2022.01.04-19.24.08:063][  0]LogInit: Active device profile: [00000227B3B53900][00000227AC055AC0 49] Windows
[2022.01.04-19.24.08:063][  0]LogInit: Profiles: [00000227B3B53900][00000227AC055AC0 49] Windows, [00000227B3B08700][00000227AC0581C0 49] WindowsNoEditor, [00000227B3B50700][00000227AC060480 49] WindowsServer, [00000227B3B0B500][00000227AC064740 49] WindowsClient, [00000227B3B53400][00000227AC068A00 49] IOS, [00000227B3B08E00][00000227AC06CCC0 49] iPadAir, [00000227B3B50D00][00000227AC070F80 49] iPadAir2, [00000227B3AC8500][00000227AC0854C0 49] IPadPro, [00000227B3AC8600][00000227AC075500 49] iPadAir3, [00000227B3B52F00][00000227AC07D7C0 49] iPadAir4, [00000227B3ACB700][00000227AC079A80 49] iPadMini2, [00000227B3B50E00][00000227AC05C180 49] iPadMini3, [00000227B3AC9600][00000227AC080400 49] iPadMini4, [00000227B3B52A00][00000227B2D9E6C0 49] iPadMini5, [00000227B3AAFD00][00000227B2DB2C00 49] iPhone6, [00000227B3AAFE00][00000227B2DA2C40 49] iPodTouch6, [00000227B3ACB000][00000227B2DBB180 49] iPhone7, [00000227B3ACB300][00000227B2DAB1C0 49] iPodTouch7, [00000227B3AACD00][00000227B2DAF480 49] iPhone5S, [00000227B3AC9200][00000227B2DA7740 49] iPhone6Plus, [00000227B3AAF000][00000227B2DB7A00 49] iPhone6S, [00000227B3ACBA00][00000227B2DBE140 49] iPhone6SPlus, [00000227B3AAD200][00000227B2D9A3C0 49] iPhone7Plus, [00000227B3ACA500][00000227B2DC2640 49] iPhoneSE, [00000227B3AAEB00][00000227B2DCA900 49] iPhone8, [00000227B3AC9000][00000227B2DCEBC0 49] iPhone8Plus, [00000227B3AAD700][00000227B2DD2E80 49] iPhoneX, [00000227B3AC8100][00000227B2DD7140 49] iPhoneXS, [00000227B3AAE600][00000227B2DDB400 49] iPhoneXSMax, [00000227B3AC8700][00000227B2DDF6C0 49] iPhoneXR, [00000227B3AAC900][00000227B2DE3980 49] iPhone11, [00000227B3ACAD00][00000227B2DE60C0 49] iPhone11Pro, [00000227B3AAC100][00000227B2DEA380 49] iPhone11ProMax, [00000227B3ACB600][00000227B2DC6600 49] iPhoneSE2, [00000227B3AADD00][00000227B2DEE880 49] iPhone12Mini, [00000227B3ACBD00][00000227B2DF6B40 49] iPhone12, [00000227B3AAE900][00000227B2DFAE00 49] iPhone12Pro, [00000227B3ACAE00][00000227B194F0C0 49] iPhone12ProMax, [00000227B3AAC300][00000227B1953380 49] iPadPro105, [00000227B3AC9C00][00000227B1957640 49] iPadPro129, [00000227B3AAD800][00000227B195B900 49] iPadPro97, [00000227B3AC9A00][00000227B195FBC0 49] iPadPro2_129, [00000227B3AAE000][00000227B1962300 49] iPad5, [00000227B3ACA000][00000227B19665C0 49] iPad6, [00000227B3AADF00][00000227B2DF2840 49] iPad7, [00000227B3AC9D00][00000227B196AAC0 49] iPad8, [00000227B3AAF300][00000227B1972D80 49] iPadPro11, [00000227B3AC8800][00000227B1977040 49] iPadPro2_11, [00000227B3AAFF00][00000227B197B300 49] iPadPro3_129, [00000227B3AC8A00][00000227B197F5C0 49] iPadPro4_129, [00000227B3AAF100][00000227B1983880 49] AppleTV, [00000227B3AC8E00][00000227B1987B40 49] AppleTV4K, [00000227B3AAC400][00000227B198A280 49] TVOS, [00000227B3AC8300][00000227B198E540 49] Mac, [00000227B3AAF500][00000227B1992800 49] MacClient, [00000227B3ACB800][00000227B196EA80 49] MacNoEditor, [00000227B3AAD100][00000227B1996D00 49] MacServer, [00000227B3AC9B00][00000227ABEAAFC0 49] Linux, [00000227B3AAD900][00000227ABEAF280 49] LinuxAArch64, [00000227B3ACBE00][00000227ABEB3540 49] LinuxNoEditor, [00000227B3AAE700][00000227ABEB7800 49] LinuxAArch64NoEditor, [00000227B3ACA700][00000227ABEBBAC0 49] LinuxClient, [00000227B3AAD000][00000227ABEBE200 49] LinuxAArch64Client, [00000227B3ACA900][00000227ABEC24C0 49] LinuxServer, [00000227B3AADE00][00000227ABEC6780 49] LinuxAArch64Server, [00000227B3AC9700][00000227ABECAA40 49] Android, [00000227B3B7E600][00000227ABEA6CC0 49] Android_Low, [00000227B3B09200][00000227ABECEF40 49] Android_Mid, [00000227B3B7C500][00000227ABED7200 49] Android_High, [00000227B3B09E00][00000227ABEDB4C0 49] Android_Default, [00000227B3B7DE00][00000227ABEDF780 49] Android_Adreno4xx, [00000227B3B0B400][00000227ABEE3A40 49] Android_Adreno5xx_Low, [00000227B3B7C200][00000227ABEE6180 49] Android_Adreno5xx, [00000227B3B0B700][00000227ABEEA440 49] Android_Adreno6xx, [00000227B3B7C700][00000227ABEEE700 49] Android_Adreno6xx_Vulkan, [00000227B3B0A100][00000227ABEF29C0 49] Android_Mali_T6xx, [00000227B3B7D700][00000227ABEF6C80 49] Android_Mali_T7xx, [00000227B3B09500][00000227ABED2F00 49] Android_Mali_T8xx, [00000227B3B7C600][00000227ABEFB180 49] Android_Mali_G71, [00000227B3B0A800][00000227ABF03440 49] Android_Mali_G72, [00000227B3B7E700][00000227ABF07700 49] Android_Mali_G72_Vulkan, [00000227B3B0A300][00000227ABF0B9C0 49] Android_Mali_G76, [00000227B3B7DA00][00000227ABF0E100 49] Android_Mali_G76_Vulkan, [00000227B3B09900][00000227ABF123C0 49] Android_Mali_G77, [00000227B3B7CC00][00000227ABF16680 49] Android_Mali_G77_Vulkan, [00000227B3B0BB00][00000227ABF1A940 49] Android_Mali_G78, [00000227B3B7D400][00000227ABF1EC00 49] Android_Mali_G78_Vulkan, [00000227B3B08100][00000227ABF22EC0 49] Android_Mali_G710, [00000227B3B7D200][00000227ABEFF140 49] Android_Mali_G710_Vulkan, [00000227B3B08B00][00000227ABF273C0 49] Android_Vulkan_SM5, [00000227B3AAFC00][00000227ABF2F680 49] Android_PowerVR_G6xxx, [00000227B3B08400][00000227ABF33940 49] Android_PowerVR_GT7xxx, [00000227B3AAFB00][00000227ABF37C00 49] Android_PowerVR_GE8xxx, [00000227B3B0A700][00000227ABF3A340 49] Android_PowerVR_GM9xxx, [00000227B3AAFA00][00000227ABF3E600 49] Android_PowerVR_GM9xxx_Vulkan, [00000227B3B0B200][00000227ABF428C0 49] Android_TegraK1, [00000227B3AAE500][00000227ABF46B80 49] Android_Unknown_Vulkan, [00000227B3B0AA00][00000227ABF4AE40 49] Lumin, [00000227B3AAC600][00000227ABF4F100 49] Lumin_Desktop, [00000227B3B0AB00][00000227ABF2B380 49] HoloLens, 
[2022.01.04-19.24.08:159][  0]LogMeshReduction: Using QuadricMeshReduction for automatic static mesh reduction
[2022.01.04-19.24.08:159][  0]LogMeshReduction: Using SimplygonMeshReduction for automatic skeletal mesh reduction
[2022.01.04-19.24.08:159][  0]LogMeshReduction: Using ProxyLODMeshReduction for automatic mesh merging
[2022.01.04-19.24.08:159][  0]LogMeshReduction: No distributed automatic mesh merging module available
[2022.01.04-19.24.08:160][  0]LogMeshMerging: No distributed automatic mesh merging module available
[2022.01.04-19.24.08:274][  0]LogNetVersion: UR_Weihnachtsgruppe 1.0.0, NetCL: 17155196, EngineNetVer: 17, GameNetVer: 0 (Checksum: 1466868311)
[2022.01.04-19.24.08:624][  0]LogTexture: Default maximum texture size for cubemaps generated from long-lat sources has been changed from 512 to unlimited. In order to preserve old behaiour for '/Engine/MapTemplates/Sky/DaylightAmbientCubemap.DaylightAmbientCubemap', its maximum texture size has been explicitly set to 512.
[2022.01.04-19.24.08:704][  0]LogHMD: PokeAHoleMaterial loaded successfully
[2022.01.04-19.24.08:924][  0]LogMoviePlayer: Initializing movie player
[2022.01.04-19.24.09:100][  0]LogPython: Using Python 3.7.7
[2022.01.04-19.24.09:576][  0]LogUdpMessaging: Initializing bridge on interface 0.0.0.0:0 to multicast group 230.0.0.1:6666.
[2022.01.04-19.24.09:586][  0]LogTcpMessaging: Initializing TcpMessaging bridge
[2022.01.04-19.24.09:833][  0]LogNiagaraDebuggerClient: Niagara Debugger Client Initialized | Session: B5C41C4B483EC45ECA3F4DB8466CBF3B | Instance: F147AD6E4AC56F6EF439459D986EA4EF (DESKTOP-HVKQPE0-11260).
[2022.01.04-19.24.09:895][  0]LogCollectionManager: Loaded 0 collections in 0.001971 seconds
[2022.01.04-19.24.09:898][  0]LogFileCache: Scanning file cache for directory 'C:/Users/yara5/Documents/Master/Semester_3/VR/Projekt/WhoBroughtThePresents/UR_Weihnachtsgruppe/Saved/Collections/' took 0.00s
[2022.01.04-19.24.09:898][  0]LogFileCache: Scanning file cache for directory 'C:/Users/yara5/Documents/Master/Semester_3/VR/Projekt/WhoBroughtThePresents/UR_Weihnachtsgruppe/Content/Developers/yara5/Collections/' took 0.00s
[2022.01.04-19.24.09:898][  0]LogFileCache: Scanning file cache for directory 'C:/Users/yara5/Documents/Master/Semester_3/VR/Projekt/WhoBroughtThePresents/UR_Weihnachtsgruppe/Content/Collections/' took 0.00s
[2022.01.04-19.24.09:898][  0]LogCollectionManager: Fixed up redirectors for 0 collections in 0.000002 seconds (updated 0 objects)
[2022.01.04-19.24.09:908][  0]LogImageWrapper: Warning: PNG Warning: Duplicate iCCP chunk
[2022.01.04-19.24.09:908][  0]LogImageWrapper: Warning: PNG Warning: Duplicate iCCP chunk
[2022.01.04-19.24.10:009][  0]SourceControl: Source control is disabled
[2022.01.04-19.24.10:009][  0]SourceControl: Source control is disabled
[2022.01.04-19.24.10:013][  0]SourceControl: Source control is disabled
[2022.01.04-19.24.10:016][  0]LogUProjectInfo: Found projects:
[2022.01.04-19.24.10:135][  0]LogOpenImageDenoise: OIDN starting up
[2022.01.04-19.24.10:157][  0]LogAndroidPermission: UAndroidPermissionCallbackProxy::GetInstance
[2022.01.04-19.24.10:174][  0]LogAudioCaptureCore: Display: No Audio Capture implementations found. Audio input will be silent.
[2022.01.04-19.24.10:174][  0]LogAudioCaptureCore: Display: No Audio Capture implementations found. Audio input will be silent.
[2022.01.04-19.24.10:283][  0]LogOcInput: OculusInput pre-init called
[2022.01.04-19.24.10:291][  0]LogUObjectArray: 22121 objects as part of root set at end of initial load.
[2022.01.04-19.24.10:291][  0]LogUObjectAllocator: 5975440 out of 0 bytes used by permanent object pool.
[2022.01.04-19.24.10:291][  0]LogUObjectArray: CloseDisregardForGC: 0/0 objects in disregard for GC pool
[2022.01.04-19.24.10:350][  0]LogEngine: Initializing Engine...
[2022.01.04-19.24.10:380][  0]LogHMD: Optional extension XR_VARJO_quad_views is not available
[2022.01.04-19.24.10:380][  0]LogHMD: Warning: Required extension XR_EXT_eye_gaze_interaction is not available
[2022.01.04-19.24.10:380][  0]LogHMD: Could not enable all required OpenXR extensions for OpenXREyeTracker on current system. This plugin will be loaded but ignored, but will be enabled on a target platform that supports the required extension.
[2022.01.04-19.24.10:380][  0]LogHMD: Warning: Required extension XR_EXT_hand_tracking is not available
[2022.01.04-19.24.10:380][  0]LogHMD: Could not enable all required OpenXR extensions for OpenXRHandTracking on current system. This plugin will be loaded but ignored, but will be enabled on a target platform that supports the required extension.
[2022.01.04-19.24.10:889][  0]LogHMD: Failed to get an OpenXR system, result is XR_ERROR_FORM_FACTOR_UNAVAILABLE. Please check that your runtime supports VR headsets.
[2022.01.04-19.24.10:889][  0]LogHMD: Failed to initialize OpenVR with code 110
[2022.01.04-19.24.10:889][  0]LogMagicLeap: Warning: VR disabled because ZI is not enabled.  To enable, in the editor, Edit -> Project Settings -> Plugins -> Magic Leap Plugin -> Enable Zero Iteration
[2022.01.04-19.24.10:891][  0]LogStats: UGameplayTagsManager::InitializeManager -  0.000 s
[2022.01.04-19.24.11:021][  0]LogInit: Initializing FReadOnlyCVARCache
[2022.01.04-19.24.11:021][  0]LogAudio: Display: Initializing Audio Device Manager...
[2022.01.04-19.24.11:027][  0]LogAudio: Display: Loading Default Audio Settings Objects...
[2022.01.04-19.24.11:028][  0]LogAudio: Display: No default SoundConcurrencyObject specified (or failed to load).
[2022.01.04-19.24.11:031][  0]LogAudio: Display: Audio Device Manager Initialized
[2022.01.04-19.24.11:031][  0]LogAudio: Display: Creating Audio Device:                 Id: 1, Scope: Shared, Realtime: True
[2022.01.04-19.24.11:032][  0]LogAudioMixer: Display: Audio Mixer Platform Settings:
[2022.01.04-19.24.11:032][  0]LogAudioMixer: Display: 	Sample Rate:						  48000
[2022.01.04-19.24.11:032][  0]LogAudioMixer: Display: 	Callback Buffer Frame Size Requested: 1024
[2022.01.04-19.24.11:032][  0]LogAudioMixer: Display: 	Callback Buffer Frame Size To Use:	  1024
[2022.01.04-19.24.11:032][  0]LogAudioMixer: Display: 	Number of buffers to queue:			  2
[2022.01.04-19.24.11:032][  0]LogAudioMixer: Display: 	Max Channels (voices):				  32
[2022.01.04-19.24.11:033][  0]LogAudioMixer: Display: 	Number of Async Source Workers:		  0
[2022.01.04-19.24.11:033][  0]LogAudio: Display: AudioDevice MaxSources: 32
[2022.01.04-19.24.11:036][  0]LogAudio: Display: Audio Spatialization Plugin: None (built-in).
[2022.01.04-19.24.11:036][  0]LogAudio: Display: Audio Reverb Plugin: None (built-in).
[2022.01.04-19.24.11:036][  0]LogAudio: Display: Audio Occlusion Plugin: None (built-in).
[2022.01.04-19.24.11:036][  0]LogAudioMixer: Display: Initializing audio mixer.
[2022.01.04-19.24.11:084][  0]LogAudioMixer: Display: 0: FrontLeft
[2022.01.04-19.24.11:084][  0]LogAudioMixer: Display: 1: FrontRight
[2022.01.04-19.24.11:123][  0]LogAudioMixer: Display: Using Audio Device Lautsprecher (Realtek(R) Audio)
[2022.01.04-19.24.11:132][  0]LogAudioMixer: Display: Initializing Sound Submixes...
[2022.01.04-19.24.11:135][  0]LogAudioMixer: Display: Creating Master Submix 'MasterSubmixDefault'
[2022.01.04-19.24.11:135][  0]LogAudioMixer: Display: Creating Master Submix 'MasterReverbSubmixDefault'
[2022.01.04-19.24.11:137][  0]LogAudioMixer: Display: Creating Master Submix 'MasterEQSubmixDefault'
[2022.01.04-19.24.11:137][  0]LogAudioMixer: FMixerPlatformXAudio2::StartAudioStream() called
[2022.01.04-19.24.11:137][  0]LogAudioMixer: Display: Output buffers initialized: Frames=1024, Channels=2, Samples=2048
[2022.01.04-19.24.11:139][  0]LogAudioMixer: Display: Starting AudioMixerPlatformInterface::RunInternal()
[2022.01.04-19.24.11:139][  0]LogAudioMixer: Display: FMixerPlatformXAudio2::SubmitBuffer() called for the first time
[2022.01.04-19.24.11:139][  0]LogInit: FAudioDevice initialized.
[2022.01.04-19.24.11:142][  0]LogNetVersion: Set ProjectVersion to 1.0.0.0. Version Checksum will be recalculated on next use.
[2022.01.04-19.24.11:144][  0]LogInit: Texture streaming: Enabled
[2022.01.04-19.24.11:242][  0]LogAudio: Display: Audio Device (ID: 1) registered with world 'Untitled'.
[2022.01.04-19.24.11:245][  0]LogSlate: Updating window title bar state: overlay mode, drag disabled, window buttons hidden, title bar hidden
[2022.01.04-19.24.11:246][  0]LogInit: Display: Game Engine Initialized.
[2022.01.04-19.24.11:250][  0]LogNiagaraEditor: GEditor isn't valid! Particle reset commands will not work for Niagara components!
[2022.01.04-19.24.11:438][  0]LogImageWrapper: Warning: PNG Warning: Duplicate iCCP chunk
[2022.01.04-19.24.11:438][  0]LogImageWrapper: Warning: PNG Warning: Duplicate iCCP chunk
[2022.01.04-19.24.11:438][  0]LogInit: Display: Starting Game.
[2022.01.04-19.24.11:439][  0]LogNet: Browse: /Game/Levels/MainMenu_Level?Name=Player
[2022.01.04-19.24.11:441][  0]LogLoad: LoadMap: /Game/Levels/MainMenu_Level?Name=Player
[2022.01.04-19.24.11:441][  0]LogWorld: BeginTearingDown for /Temp/Untitled_0
[2022.01.04-19.24.11:443][  0]LogWorld: UWorld::CleanupWorld for Untitled, bSessionEnded=true, bCleanupResources=true
[2022.01.04-19.24.11:443][  0]LogSlate: InvalidateAllWidgets triggered.  All widgets were invalidated
[2022.01.04-19.24.11:448][  0]LogAudio: Display: Audio Device unregistered from world 'None'.
[2022.01.04-19.24.11:452][  0]LogUObjectHash: Compacting FUObjectHashTables data took   0.64ms
[2022.01.04-19.24.11:458][  0]LogUObjectGlobals: Warning: Failed to load '/Game/Menu/349-christmas-night-wallpaper': Can't find file.
[2022.01.04-19.24.11:459][  0]LogUObjectGlobals: Warning: [AssetLog] C:\Users\yara5\Documents\Master\Semester_3\VR\Projekt\WhoBroughtThePresents\UR_Weihnachtsgruppe\Content\Menu\Main_Menu_Widget.uasset: Failed to load '/Game/Menu/349-christmas-night-wallpaper': Can't find file.
[2022.01.04-19.24.11:467][  0]LogUObjectGlobals: Warning: [AssetLog] C:\Users\yara5\Documents\Master\Semester_3\VR\Projekt\WhoBroughtThePresents\UR_Weihnachtsgruppe\Content\Menu\Main_Menu_Widget.uasset: Failed to load '/Game/Menu/349-christmas-night-wallpaper': Can't find file.
[2022.01.04-19.24.11:468][  0]LogAudio: Display: Audio Device (ID: 1) registered with world 'MainMenu_Level'.
[2022.01.04-19.24.11:494][  0]LogAIModule: Creating AISystem for world MainMenu_Level
[2022.01.04-19.24.11:756][  0]LogLoad: Game class is 'ThirdPersonGameMode_C'
[2022.01.04-19.24.11:759][  0]LogWorld: Bringing World /Game/Levels/MainMenu_Level.MainMenu_Level up for play (max tick rate 0) at 2022.01.04-20.24.11
[2022.01.04-19.24.11:761][  0]LogWorld: Bringing up level for play took: 0.002450
[2022.01.04-19.24.11:764][  0]LogGameMode: FindPlayerStart: PATHS NOT DEFINED or NO PLAYERSTART with positive rating
[2022.01.04-19.24.11:797][  0]LogLoad: Took 0.355051 seconds to LoadMap(/Game/Levels/MainMenu_Level)
[2022.01.04-19.24.11:837][  0]LogRenderer: Reallocating scene render targets to support 1280x720 Format 10 NumSamples 1 (Frame:1).
[2022.01.04-19.24.11:837][  0]LogSlate: Took 0.001007 seconds to synchronously load lazily loaded font '../../../Engine/Content/Slate/Fonts/Roboto-Regular.ttf' (155K)
[2022.01.04-19.24.11:876][  0]LogInit: Display: Engine is initialized. Leaving FEngineLoop::Init()
[2022.01.04-19.24.11:877][  0]LogLoad: (Engine Initialization) Total time: 8.26 seconds
[2022.01.04-19.24.11:877][  0]LogLoad: (Engine Initialization) Total Blueprint compile time: 0.00 seconds
[2022.01.04-19.24.11:893][  0]LogContentStreaming: Texture pool size now 1000 MB
[2022.01.04-19.24.11:897][  0]LogSlate: InvalidateAllWidgets triggered.  All widgets were invalidated
[2022.01.04-19.24.12:108][  1]LogSlate: Took 0.000134 seconds to synchronously load lazily loaded font '../../../Engine/Content/Slate/Fonts/Roboto-Regular.ttf' (155K)
[2022.01.04-19.24.17:853][570]LogRenderer: Reallocating scene render targets to support 1364x768 Format 10 NumSamples 1 (Frame:1572).
[2022.01.04-19.24.34:087][ 40]LogSlate: Window 'UR_Weihnachtsgruppe (64-bit Development PCD3D_SM5) ' being destroyed
[2022.01.04-19.24.34:090][ 40]LogWindowsTextInputMethodSystem: Display: IME system deactivated.
[2022.01.04-19.24.34:102][ 41]LogSlate: Updating window title bar state: overlay mode, drag disabled, window buttons hidden, title bar hidden
[2022.01.04-19.24.34:102][ 41]LogEngine: All Windows Closed
[2022.01.04-19.24.34:102][ 41]LogWindows: FPlatformMisc::RequestExit(0)
[2022.01.04-19.24.34:102][ 41]LogWindows: FPlatformMisc::RequestExitWithStatus(0, 0)
[2022.01.04-19.24.34:102][ 41]LogCore: Engine exit requested (reason: Win RequestExit)
[2022.01.04-19.24.34:103][ 42]LogCore: Engine exit requested (reason: EngineExit() was called; note: exit was already requested)
[2022.01.04-19.24.34:103][ 42]LogInit: Display: PreExit Game.
[2022.01.04-19.24.34:123][ 42]LogWorld: BeginTearingDown for /Game/Levels/MainMenu_Level
[2022.01.04-19.24.34:124][ 42]LogWorld: UWorld::CleanupWorld for MainMenu_Level, bSessionEnded=true, bCleanupResources=true
[2022.01.04-19.24.34:125][ 42]LogSlate: InvalidateAllWidgets triggered.  All widgets were invalidated
[2022.01.04-19.24.34:913][ 42]LogAudio: Display: Beginning Audio Device Manager Shutdown (Module: AudioMixerXAudio2)...
[2022.01.04-19.24.34:913][ 42]LogAudio: Display: Destroying 1 Remaining Audio Device(s)...
[2022.01.04-19.24.34:913][ 42]LogAudio: Display: Audio Device unregistered from world 'MainMenu_Level'.
[2022.01.04-19.24.34:943][ 42]LogAudioMixer: FMixerPlatformXAudio2::StopAudioStream() called
[2022.01.04-19.24.34:946][ 42]LogAudioMixer: FMixerPlatformXAudio2::StopAudioStream() called
[2022.01.04-19.24.34:959][ 42]LogAudio: Display: Audio Device Manager Shutdown
[2022.01.04-19.24.34:964][ 42]LogExit: Preparing to exit.
[2022.01.04-19.24.35:602][ 42]LogSlate: Updating window title bar state: overlay mode, drag disabled, window buttons hidden, title bar hidden
[2022.01.04-19.24.35:606][ 42]LogUObjectHash: Compacting FUObjectHashTables data took   0.88ms
[2022.01.04-19.24.35:635][ 42]LogMoviePlayer: Shutting down movie player
[2022.01.04-19.24.35:745][ 42]LogDemo: Cleaned up 0 splitscreen connections with owner deletion
[2022.01.04-19.24.35:757][ 42]LogExit: Game engine shut down
[2022.01.04-19.24.35:866][ 42]LogExit: Object subsystem successfully closed.
[2022.01.04-19.24.35:880][ 42]LogShaderCompilers: Display: === FShaderJobCache stats ===
[2022.01.04-19.24.35:880][ 42]LogShaderCompilers: Display: Total job queries 0, among them cache hits 0 (0.00%)
[2022.01.04-19.24.35:880][ 42]LogShaderCompilers: Display: Tracking 0 distinct input hashes that result in 0 distinct outputs (0.00%)
[2022.01.04-19.24.35:880][ 42]LogShaderCompilers: Display: RAM used: 0.00 MB (0.00 GB) of 409.60 MB (0.40 GB) budget. Usage: 0.00%
[2022.01.04-19.24.35:880][ 42]LogShaderCompilers: Display: ================================================
[2022.01.04-19.24.35:898][ 42]LogShaderCompilers: Display: Shaders left to compile 0
[2022.01.04-19.24.35:945][ 42]LogModuleManager: Shutting down and abandoning module SequenceRecorderSections (560)
[2022.01.04-19.24.35:945][ 42]LogModuleManager: Shutting down and abandoning module SequenceRecorder (558)
[2022.01.04-19.24.35:945][ 42]LogModuleManager: Shutting down and abandoning module AutomationController (556)
[2022.01.04-19.24.35:946][ 42]LogModuleManager: Shutting down and abandoning module AutomationWorker (554)
[2022.01.04-19.24.35:946][ 42]LogModuleManager: Shutting down and abandoning module Voice (552)
[2022.01.04-19.24.35:946][ 42]LogModuleManager: Shutting down and abandoning module AnimGraph (550)
[2022.01.04-19.24.35:946][ 42]LogModuleManager: Shutting down and abandoning module AIModule (548)
[2022.01.04-19.24.35:946][ 42]LogModuleManager: Shutting down and abandoning module GameplayDebugger (547)
[2022.01.04-19.24.35:946][ 42]LogModuleManager: Shutting down and abandoning module AITestSuite (545)
[2022.01.04-19.24.35:946][ 42]LogModuleManager: Shutting down and abandoning module NavigationSystem (543)
[2022.01.04-19.24.35:947][ 42]LogModuleManager: Shutting down and abandoning module SteamVREditor (540)
[2022.01.04-19.24.35:947][ 42]LogModuleManager: Shutting down and abandoning module ToolMenus (539)
[2022.01.04-19.24.35:947][ 42]LogModuleManager: Shutting down and abandoning module OculusMR (536)
[2022.01.04-19.24.35:947][ 42]LogModuleManager: Shutting down and abandoning module TakeRecorderSources (534)
[2022.01.04-19.24.35:947][ 42]LogModuleManager: Shutting down and abandoning module TakeRecorder (533)
[2022.01.04-19.24.35:947][ 42]LogModuleManager: Shutting down and abandoning module TakeTrackRecorders (530)
[2022.01.04-19.24.35:947][ 42]LogModuleManager: Shutting down and abandoning module TakesCore (528)
[2022.01.04-19.24.35:947][ 42]LogModuleManager: Shutting down and abandoning module OpenXRInput (526)
[2022.01.04-19.24.35:948][ 42]LogModuleManager: Shutting down and abandoning module MagicLeapMediaCodecFactory (524)
[2022.01.04-19.24.35:948][ 42]LogModuleManager: Shutting down and abandoning module MagicLeapMediaFactory (522)
[2022.01.04-19.24.35:948][ 42]LogModuleManager: Shutting down and abandoning module PlanarCut (520)
[2022.01.04-19.24.35:948][ 42]LogModuleManager: Shutting down and abandoning module WmfMediaFactory (518)
[2022.01.04-19.24.35:948][ 42]LogModuleManager: Shutting down and abandoning module WebMMediaFactory (516)
[2022.01.04-19.24.35:948][ 42]LogModuleManager: Shutting down and abandoning module WebMMedia (514)
[2022.01.04-19.24.35:948][ 42]LogModuleManager: Shutting down and abandoning module OpenExrWrapper (512)
[2022.01.04-19.24.35:948][ 42]LogModuleManager: Shutting down and abandoning module ImgMediaFactory (510)
[2022.01.04-19.24.35:948][ 42]LogModuleManager: Shutting down and abandoning module AvfMediaFactory (508)
[2022.01.04-19.24.35:948][ 42]LogModuleManager: Shutting down and abandoning module CharacterAI (506)
[2022.01.04-19.24.35:948][ 42]LogModuleManager: Shutting down and abandoning module SessionServices (504)
[2022.01.04-19.24.35:948][ 42]LogModuleManager: Shutting down and abandoning module MovieSceneCapture (502)
[2022.01.04-19.24.35:948][ 42]LogModuleManager: Shutting down and abandoning module LiveCoding (500)
[2022.01.04-19.24.35:948][ 42]LogModuleManager: Shutting down and abandoning module LevelSequence (498)
[2022.01.04-19.24.35:948][ 42]LogModuleManager: Shutting down and abandoning module MovieSceneTracks (496)
[2022.01.04-19.24.35:948][ 42]LogModuleManager: Shutting down and abandoning module MovieScene (494)
[2022.01.04-19.24.35:948][ 42]LogModuleManager: Shutting down and abandoning module StreamingPauseRendering (492)
[2022.01.04-19.24.35:948][ 42]LogModuleManager: Shutting down and abandoning module PortalServices (490)
[2022.01.04-19.24.35:948][ 42]LogModuleManager: Shutting down and abandoning module PortalRpc (488)
[2022.01.04-19.24.35:948][ 42]LogModuleManager: Shutting down and abandoning module MessagingRpc (486)
[2022.01.04-19.24.35:948][ 42]LogModuleManager: Shutting down and abandoning module AudioMixerXAudio2 (484)
[2022.01.04-19.24.35:948][ 42]LogModuleManager: Shutting down and abandoning module AudioMixerCore (483)
[2022.01.04-19.24.35:948][ 42]LogModuleManager: Shutting down and abandoning module ImageWriteQueue (480)
[2022.01.04-19.24.35:951][ 42]LogModuleManager: Shutting down and abandoning module ProfilerService (478)
[2022.01.04-19.24.36:119][ 42]LogModuleManager: Shutting down and abandoning module TaskGraph (476)
[2022.01.04-19.24.36:122][ 42]LogModuleManager: Shutting down and abandoning module OculusInput (474)
[2022.01.04-19.24.36:122][ 42]LogModuleManager: Shutting down and abandoning module TakeMovieScene (472)
[2022.01.04-19.24.36:122][ 42]LogModuleManager: Shutting down and abandoning module Synthesis (470)
[2022.01.04-19.24.36:123][ 42]LogModuleManager: Shutting down and abandoning module ProceduralMeshComponent (468)
[2022.01.04-19.24.36:123][ 42]LogModuleManager: Shutting down and abandoning module MobilePatchingUtils (466)
[2022.01.04-19.24.36:123][ 42]LogModuleManager: Shutting down and abandoning module GooglePAD (464)
[2022.01.04-19.24.36:123][ 42]LogModuleManager: Shutting down and abandoning module EditableMesh (462)
[2022.01.04-19.24.36:123][ 42]LogModuleManager: Shutting down and abandoning module CustomMeshComponent (460)
[2022.01.04-19.24.36:123][ 42]LogModuleManager: Shutting down and abandoning module CableComponent (458)
[2022.01.04-19.24.36:123][ 42]LogModuleManager: Shutting down and abandoning module ArchVisCharacter (456)
[2022.01.04-19.24.36:123][ 42]LogModuleManager: Shutting down and abandoning module AudioCapture (454)
[2022.01.04-19.24.36:123][ 42]LogModuleManager: Shutting down and abandoning module AudioCaptureRtAudio (453)
[2022.01.04-19.24.36:123][ 42]LogModuleManager: Shutting down and abandoning module AssetTags (450)
[2022.01.04-19.24.36:123][ 42]LogModuleManager: Shutting down and abandoning module AppleImageUtilsBlueprintSupport (448)
[2022.01.04-19.24.36:123][ 42]LogModuleManager: Shutting down and abandoning module AppleImageUtils (446)
[2022.01.04-19.24.36:123][ 42]LogModuleManager: Shutting down and abandoning module AndroidPermission (444)
[2022.01.04-19.24.36:123][ 42]LogModuleManager: Shutting down and abandoning module ActorLayerUtilities (442)
[2022.01.04-19.24.36:123][ 42]LogModuleManager: Shutting down and abandoning module TemplateSequence (440)
[2022.01.04-19.24.36:123][ 42]LogModuleManager: Shutting down and abandoning module MagicLeapSharedWorld (438)
[2022.01.04-19.24.36:123][ 42]LogModuleManager: Shutting down and abandoning module MagicLeapLightEstimation (436)
[2022.01.04-19.24.36:123][ 42]LogModuleManager: Shutting down and abandoning module MagicLeapHelperVulkan (434)
[2022.01.04-19.24.36:123][ 42]LogModuleManager: Shutting down and abandoning module MagicLeapHelperOpenGL (432)
[2022.01.04-19.24.36:123][ 42]LogModuleManager: Shutting down and abandoning module MagicLeapAudio (430)
[2022.01.04-19.24.36:123][ 42]LogModuleManager: Shutting down and abandoning module MotoSynth (428)
[2022.01.04-19.24.36:123][ 42]LogModuleManager: Shutting down and abandoning module OpenImageDenoise (426)
[2022.01.04-19.24.36:123][ 42]LogOpenImageDenoise: OIDN shutting down
[2022.01.04-19.24.36:123][ 42]LogModuleManager: Shutting down and abandoning module MeshConversion (424)
[2022.01.04-19.24.36:124][ 42]LogModuleManager: Shutting down and abandoning module DynamicMesh (422)
[2022.01.04-19.24.36:125][ 42]LogModuleManager: Shutting down and abandoning module GeometryAlgorithms (420)
[2022.01.04-19.24.36:125][ 42]LogModuleManager: Shutting down and abandoning module GeometricObjects (418)
[2022.01.04-19.24.36:126][ 42]LogModuleManager: Shutting down and abandoning module MediaCompositing (416)
[2022.01.04-19.24.36:126][ 42]LogModuleManager: Shutting down and abandoning module ImgMedia (414)
[2022.01.04-19.24.36:126][ 42]LogModuleManager: Shutting down and abandoning module GeometryCacheTracks (412)
[2022.01.04-19.24.36:126][ 42]LogModuleManager: Shutting down and abandoning module GeometryCacheSequencer (411)
[2022.01.04-19.24.36:126][ 42]LogModuleManager: Shutting down and abandoning module GeometryCache (408)
[2022.01.04-19.24.36:126][ 42]LogModuleManager: Shutting down and abandoning module GeometryCacheEd (407)
[2022.01.04-19.24.36:126][ 42]LogModuleManager: Shutting down and abandoning module GeometryCollectionTracks (404)
[2022.01.04-19.24.36:126][ 42]LogModuleManager: Shutting down and abandoning module GeometryCollectionSequencer (403)
[2022.01.04-19.24.36:126][ 42]LogModuleManager: Shutting down and abandoning module ChaosNiagara (400)
[2022.01.04-19.24.36:126][ 42]LogModuleManager: Shutting down and abandoning module FieldSystemEngine (399)
[2022.01.04-19.24.36:126][ 42]LogModuleManager: Shutting down and abandoning module BackChannel (396)
[2022.01.04-19.24.36:126][ 42]LogModuleManager: Shutting down and abandoning module AutomationUtils (394)
[2022.01.04-19.24.36:126][ 42]LogModuleManager: Shutting down and abandoning module VisualStudioSourceCodeAccess (392)
[2022.01.04-19.24.36:127][ 42]LogModuleManager: Shutting down and abandoning module HotReload (391)
[2022.01.04-19.24.36:128][ 42]LogModuleManager: Shutting down and abandoning module UObjectPlugin (388)
[2022.01.04-19.24.36:128][ 42]LogModuleManager: Shutting down and abandoning module VisualStudioCodeSourceCodeAccess (386)
[2022.01.04-19.24.36:128][ 42]LogModuleManager: Shutting down and abandoning module SubversionSourceControl (384)
[2022.01.04-19.24.36:129][ 42]LogModuleManager: Shutting down and abandoning module PerforceSourceControl (382)
[2022.01.04-19.24.36:131][ 42]LogModuleManager: Shutting down and abandoning module SourceControl (381)
[2022.01.04-19.24.36:132][ 42]LogModuleManager: Shutting down and abandoning module CLionSourceCodeAccess (378)
[2022.01.04-19.24.36:132][ 42]LogModuleManager: Shutting down and abandoning module OodleNetworkHandlerComponent (376)
[2022.01.04-19.24.36:132][ 42]LogModuleManager: Shutting down and abandoning module LiveLinkSequencer (374)
[2022.01.04-19.24.36:132][ 42]LogModuleManager: Shutting down and abandoning module LiveLinkMovieScene (372)
[2022.01.04-19.24.36:132][ 42]LogModuleManager: Shutting down and abandoning module LiveLinkGraphNode (370)
[2022.01.04-19.24.36:132][ 42]LogModuleManager: Shutting down and abandoning module LiveLinkComponents (368)
[2022.01.04-19.24.36:132][ 42]LogModuleManager: Shutting down and abandoning module LiveLink (366)
[2022.01.04-19.24.36:965][ 42]LogModuleManager: Shutting down and abandoning module NiagaraAnimNotifies (364)
[2022.01.04-19.24.36:965][ 42]LogModuleManager: Shutting down and abandoning module Niagara (362)
[2022.01.04-19.24.36:968][ 42]LogModuleManager: Shutting down and abandoning module SignalProcessing (361)
[2022.01.04-19.24.36:968][ 42]LogModuleManager: Shutting down and abandoning module NiagaraEditor (359)
[2022.01.04-19.24.36:970][ 42]LogModuleManager: Shutting down and abandoning module ContentBrowser (358)
[2022.01.04-19.24.36:970][ 42]LogModuleManager: Shutting down and abandoning module CollectionManager (357)
[2022.01.04-19.24.36:971][ 42]LogModuleManager: Shutting down and abandoning module DirectoryWatcher (356)
[2022.01.04-19.24.36:971][ 42]LogModuleManager: Shutting down and abandoning module ContentBrowserData (353)
[2022.01.04-19.24.36:971][ 42]LogModuleManager: Shutting down and abandoning module NiagaraCore (348)
[2022.01.04-19.24.36:971][ 42]LogModuleManager: Shutting down and abandoning module RuntimePhysXCooking (346)
[2022.01.04-19.24.36:971][ 42]LogModuleManager: Shutting down and abandoning module SoundFields (344)
[2022.01.04-19.24.36:971][ 42]LogModuleManager: Shutting down and abandoning module SignificanceManager (342)
[2022.01.04-19.24.36:971][ 42]LogModuleManager: Shutting down and abandoning module PhysXVehiclesEditor (340)
[2022.01.04-19.24.36:971][ 42]LogModuleManager: Shutting down and abandoning module PropertyAccessEditor (336)
[2022.01.04-19.24.36:971][ 42]LogModuleManager: Shutting down and abandoning module LocationServicesBPLibrary (334)
[2022.01.04-19.24.36:971][ 42]LogModuleManager: Shutting down and abandoning module AudioSynesthesia (332)
[2022.01.04-19.24.36:972][ 42]LogModuleManager: Shutting down and abandoning module AudioSynesthesiaCore (330)
[2022.01.04-19.24.36:972][ 42]LogModuleManager: Shutting down and abandoning module MagicLeapARPin (328)
[2022.01.04-19.24.36:972][ 42]LogModuleManager: Shutting down and abandoning module ActorSequence (326)
[2022.01.04-19.24.36:972][ 42]LogModuleManager: Shutting down and abandoning module MagicLeapHandMeshing (324)
[2022.01.04-19.24.36:972][ 42]LogModuleManager: Shutting down and abandoning module MagicLeapSecureStorage (322)
[2022.01.04-19.24.36:972][ 42]LogModuleManager: Shutting down and abandoning module MagicLeapPrivileges (320)
[2022.01.04-19.24.36:972][ 42]LogModuleManager: Shutting down and abandoning module MagicLeapPlanes (318)
[2022.01.04-19.24.36:973][ 42]LogMagicLeapPlanes: Planes tracker already destroyed.
[2022.01.04-19.24.36:973][ 42]LogModuleManager: Shutting down and abandoning module MagicLeapImageTracker (316)
[2022.01.04-19.24.36:973][ 42]LogModuleManager: Shutting down and abandoning module MagicLeapIdentity (314)
[2022.01.04-19.24.36:973][ 42]LogModuleManager: Shutting down and abandoning module MagicLeapHandTracking (312)
[2022.01.04-19.24.36:973][ 42]LogModuleManager: Shutting down and abandoning module MagicLeapEyeTracker (310)
[2022.01.04-19.24.36:973][ 42]LogModuleManager: Shutting down and abandoning module MagicLeapController (308)
[2022.01.04-19.24.36:973][ 42]LogModuleManager: Shutting down and abandoning module MagicLeapARPinImpl (306)
[2022.01.04-19.24.36:973][ 42]LogModuleManager: Shutting down and abandoning module MagicLeapAR (304)
[2022.01.04-19.24.36:973][ 42]LogModuleManager: Shutting down and abandoning module TcpMessaging (302)
[2022.01.04-19.24.37:074][ 42]LogModuleManager: Shutting down and abandoning module UdpMessaging (300)
[2022.01.04-19.24.37:175][ 42]LogModuleManager: Shutting down and abandoning module PythonScriptPlugin (298)
[2022.01.04-19.24.37:175][ 42]LogModuleManager: Shutting down and abandoning module ImgMediaEngine (296)
[2022.01.04-19.24.37:175][ 42]LogModuleManager: Shutting down and abandoning module PropertyAccessNode (294)
[2022.01.04-19.24.37:175][ 42]LogModuleManager: Shutting down and abandoning module AnimationSharing (292)
[2022.01.04-19.24.37:175][ 42]LogModuleManager: Shutting down and abandoning module GameplayTagsEditor (290)
[2022.01.04-19.24.37:177][ 42]LogModuleManager: Shutting down and abandoning module FacialAnimation (288)
[2022.01.04-19.24.37:177][ 42]LogModuleManager: Shutting down and abandoning module AssetManagerEditor (286)
[2022.01.04-19.24.37:178][ 42]LogModuleManager: Shutting down and abandoning module TreeMap (285)
[2022.01.04-19.24.37:178][ 42]LogModuleManager: Shutting down and abandoning module GameplayCameras (282)
[2022.01.04-19.24.37:178][ 42]LogModuleManager: Shutting down and abandoning module LightPropagationVolumeRuntime (280)
[2022.01.04-19.24.37:178][ 42]LogModuleManager: Shutting down and abandoning module EnvironmentQueryEditor (278)
[2022.01.04-19.24.37:178][ 42]LogModuleManager: Shutting down and abandoning module Paper2D (276)
[2022.01.04-19.24.37:178][ 42]LogModuleManager: Shutting down and abandoning module WindowsMoviePlayer (274)
[2022.01.04-19.24.37:180][ 42]LogModuleManager: Shutting down and abandoning module WebMMoviePlayer (272)
[2022.01.04-19.24.37:180][ 42]LogModuleManager: Shutting down and abandoning module NetworkReplayStreaming (270)
[2022.01.04-19.24.37:180][ 42]LogModuleManager: Shutting down and abandoning module PacketHandler (268)
[2022.01.04-19.24.37:180][ 42]LogModuleManager: Shutting down and abandoning module ClothingSystemEditor (266)
[2022.01.04-19.24.37:180][ 42]LogModuleManager: Shutting down and abandoning module ClothingSystemRuntimeNv (264)
[2022.01.04-19.24.37:180][ 42]LogModuleManager: Shutting down and abandoning module MediaAssets (262)
[2022.01.04-19.24.37:181][ 42]LogModuleManager: Shutting down and abandoning module Overlay (260)
[2022.01.04-19.24.37:181][ 42]LogModuleManager: Shutting down and abandoning module OverlayEditor (259)
[2022.01.04-19.24.37:181][ 42]LogModuleManager: Shutting down and abandoning module VREditor (256)
[2022.01.04-19.24.37:181][ 42]LogModuleManager: Shutting down and abandoning module StringTableEditor (254)
[2022.01.04-19.24.37:181][ 42]LogModuleManager: Shutting down and abandoning module GameplayTasksEditor (252)
[2022.01.04-19.24.37:182][ 42]LogModuleManager: Shutting down and abandoning module BehaviorTreeEditor (250)
[2022.01.04-19.24.37:182][ 42]LogModuleManager: Shutting down and abandoning module FunctionalTesting (248)
[2022.01.04-19.24.37:182][ 42]LogModuleManager: Shutting down and abandoning module CollisionAnalyzer (246)
[2022.01.04-19.24.37:182][ 42]LogModuleManager: Shutting down and abandoning module WorkspaceMenuStructure (245)
[2022.01.04-19.24.37:183][ 42]LogModuleManager: Shutting down and abandoning module UMG (242)
[2022.01.04-19.24.37:183][ 42]LogModuleManager: Shutting down and abandoning module UMGEditor (241)
[2022.01.04-19.24.37:183][ 42]LogModuleManager: Shutting down and abandoning module Sequencer (240)
[2022.01.04-19.24.37:183][ 42]LogModuleManager: Shutting down and abandoning module MessageLog (237)
[2022.01.04-19.24.37:184][ 42]LogModuleManager: Shutting down and abandoning module SlateReflector (232)
[2022.01.04-19.24.37:185][ 42]LogModuleManager: Shutting down and abandoning module Slate (230)
[2022.01.04-19.24.37:185][ 42]LogModuleManager: Shutting down and abandoning module SlateCore (228)
[2022.01.04-19.24.37:186][ 42]LogModuleManager: Shutting down and abandoning module LandscapeEditorUtilities (226)
[2022.01.04-19.24.37:186][ 42]LogModuleManager: Shutting down and abandoning module UnrealEd (224)
[2022.01.04-19.24.37:186][ 42]LogModuleManager: Shutting down and abandoning module MRMesh (222)
[2022.01.04-19.24.37:186][ 42]LogModuleManager: Shutting down and abandoning module Messaging (220)
[2022.01.04-19.24.37:186][ 42]LogModuleManager: Shutting down and abandoning module SourceCodeAccess (218)
[2022.01.04-19.24.37:187][ 42]LogModuleManager: Shutting down and abandoning module HeadMountedDisplay (216)
[2022.01.04-19.24.37:187][ 42]LogModuleManager: Shutting down and abandoning module XAudio2 (214)
[2022.01.04-19.24.37:187][ 42]LogModuleManager: Shutting down and abandoning module Networking (212)
[2022.01.04-19.24.37:187][ 42]LogModuleManager: Shutting down and abandoning module Core (210)
[2022.01.04-19.24.37:187][ 42]LogModuleManager: Shutting down and abandoning module MaterialEditor (208)
[2022.01.04-19.24.37:188][ 42]LogModuleManager: Shutting down and abandoning module MovieSceneTools (206)
[2022.01.04-19.24.37:188][ 42]LogModuleManager: Shutting down and abandoning module EditorStyle (205)
[2022.01.04-19.24.37:189][ 42]LogModuleManager: Shutting down and abandoning module KismetCompiler (202)
[2022.01.04-19.24.37:189][ 42]LogModuleManager: Shutting down and abandoning module MeshBuilder (200)
[2022.01.04-19.24.37:189][ 42]LogModuleManager: Shutting down and abandoning module MeshUtilities (198)
[2022.01.04-19.24.37:189][ 42]LogModuleManager: Shutting down and abandoning module MeshMergeUtilities (197)
[2022.01.04-19.24.37:190][ 42]LogModuleManager: Shutting down and abandoning module MeshReductionInterface (196)
[2022.01.04-19.24.37:190][ 42]LogModuleManager: Shutting down and abandoning module MeshBoneReduction (195)
[2022.01.04-19.24.37:190][ 42]LogModuleManager: Shutting down and abandoning module SkeletalMeshReduction (193)
[2022.01.04-19.24.37:190][ 42]LogModuleManager: Shutting down and abandoning module ProxyLODMeshReduction (191)
[2022.01.04-19.24.37:191][ 42]LogModuleManager: Shutting down and abandoning module QuadricMeshReduction (189)
[2022.01.04-19.24.37:191][ 42]LogModuleManager: Shutting down and abandoning module MaterialBaking (185)
[2022.01.04-19.24.37:191][ 42]LogModuleManager: Shutting down and abandoning module NullInstallBundleManager (180)
[2022.01.04-19.24.37:191][ 42]LogModuleManager: Shutting down and abandoning module PIEPreviewDeviceProfileSelector (178)
[2022.01.04-19.24.37:191][ 42]LogModuleManager: Shutting down and abandoning module DerivedDataCache (176)
[2022.01.04-19.24.37:192][ 42]LogModuleManager: Shutting down and abandoning module TargetPlatform (174)
[2022.01.04-19.24.37:192][ 42]LogModuleManager: Shutting down and abandoning module VulkanShaderFormat (173)
[2022.01.04-19.24.37:194][ 42]LogModuleManager: Shutting down and abandoning module ShaderFormatVectorVM (171)
[2022.01.04-19.24.37:194][ 42]LogModuleManager: Shutting down and abandoning module ShaderFormatOpenGL (169)
[2022.01.04-19.24.37:194][ 42]LogModuleManager: Shutting down and abandoning module ShaderFormatD3D (167)
[2022.01.04-19.24.37:195][ 42]LogModuleManager: Shutting down and abandoning module MetalShaderFormat (165)
[2022.01.04-19.24.37:195][ 42]LogModuleManager: Shutting down and abandoning module TextureFormatOodle (163)
[2022.01.04-19.24.37:196][ 42]LogModuleManager: Shutting down and abandoning module TextureFormatUncompressed (161)
[2022.01.04-19.24.37:196][ 42]LogModuleManager: Shutting down and abandoning module TextureFormatPVR (159)
[2022.01.04-19.24.37:196][ 42]LogModuleManager: Shutting down and abandoning module TextureFormatETC2 (157)
[2022.01.04-19.24.37:196][ 42]LogModuleManager: Shutting down and abandoning module TextureFormatDXT (155)
[2022.01.04-19.24.37:196][ 42]LogModuleManager: Shutting down and abandoning module TextureFormatIntelISPCTexComp (153)
[2022.01.04-19.24.37:196][ 42]LogModuleManager: Shutting down and abandoning module TextureFormatASTC (151)
[2022.01.04-19.24.37:196][ 42]LogModuleManager: Shutting down and abandoning module ImageWrapper (150)
[2022.01.04-19.24.37:196][ 42]LogModuleManager: Shutting down and abandoning module AudioFormatOpus (147)
[2022.01.04-19.24.37:196][ 42]LogModuleManager: Shutting down and abandoning module AudioFormatOgg (145)
[2022.01.04-19.24.37:196][ 42]LogModuleManager: Shutting down and abandoning module AudioFormatADPCM (143)
[2022.01.04-19.24.37:197][ 42]LogModuleManager: Shutting down and abandoning module WindowsServerTargetPlatform (141)
[2022.01.04-19.24.37:197][ 42]LogModuleManager: Shutting down and abandoning module WindowsClientTargetPlatform (139)
[2022.01.04-19.24.37:197][ 42]LogModuleManager: Shutting down and abandoning module WindowsTargetPlatform (137)
[2022.01.04-19.24.37:197][ 42]LogModuleManager: Shutting down and abandoning module WindowsNoEditorTargetPlatform (135)
[2022.01.04-19.24.37:197][ 42]LogModuleManager: Shutting down and abandoning module D3D11RHI (132)
[2022.01.04-19.24.37:197][ 42]LogModuleManager: Shutting down and abandoning module InputCore (130)
[2022.01.04-19.24.37:197][ 42]LogModuleManager: Shutting down and abandoning module Settings (128)
[2022.01.04-19.24.37:197][ 42]LogModuleManager: Shutting down and abandoning module PhysXCooking (126)
[2022.01.04-19.24.37:197][ 42]LogModuleManager: Shutting down and abandoning module Chaos (124)
[2022.01.04-19.24.37:197][ 42]LogModuleManager: Shutting down and abandoning module WindowsPlatformFeatures (122)
[2022.01.04-19.24.37:198][ 42]LogModuleManager: Shutting down and abandoning module GameplayMediaEncoder (121)
[2022.01.04-19.24.37:198][ 42]LogModuleManager: Shutting down and abandoning module AVEncoder (120)
[2022.01.04-19.24.37:198][ 42]LogModuleManager: Shutting down and abandoning module SteamVRInputDevice (116)
[2022.01.04-19.24.37:198][ 42]LogModuleManager: Shutting down and abandoning module SteamVRInput (114)
[2022.01.04-19.24.37:198][ 42]LogModuleManager: Shutting down and abandoning module SteamVR (112)
[2022.01.04-19.24.37:198][ 42]LogHMD: Freeing OpenVRDLLHandle.
[2022.01.04-19.24.37:198][ 42]LogModuleManager: Shutting down and abandoning module OculusHMD (110)
[2022.01.04-19.24.37:199][ 42]LogModuleManager: Shutting down and abandoning module NiagaraVertexFactories (108)
[2022.01.04-19.24.37:199][ 42]LogModuleManager: Shutting down and abandoning module NiagaraShader (106)
[2022.01.04-19.24.37:199][ 42]LogModuleManager: Shutting down and abandoning module OpenXREyeTracker (104)
[2022.01.04-19.24.37:199][ 42]LogModuleManager: Shutting down and abandoning module OpenXRHandTracking (102)
[2022.01.04-19.24.37:199][ 42]LogSlate: Slate User Destroyed.  User Index 0, Is Virtual User: 0
[2022.01.04-19.24.37:199][ 42]LogModuleManager: Shutting down and abandoning module OpenXRAR (100)
[2022.01.04-19.24.37:199][ 42]LogModuleManager: Shutting down and abandoning module AugmentedReality (99)
[2022.01.04-19.24.37:200][ 42]LogModuleManager: Shutting down and abandoning module OpenXRHMD (96)
